This file contains any messages produced by compilers while
running configure, to aid debugging if configure makes a mistake.

It was created by GNU MDK configure 1.3.0, which was
generated by GNU Autoconf 2.69.  Invocation command line was

  $ ./configure 

## --------- ##
## Platform. ##
## --------- ##

hostname = void
uname -m = x86_64
uname -r = 5.10.16_1
uname -s = Linux
uname -v = #1 SMP 1613224688

/usr/bin/uname -p = unknown
/bin/uname -X     = unknown

/bin/arch              = x86_64
/usr/bin/arch -k       = unknown
/usr/convex/getsysinfo = unknown
/usr/bin/hostinfo      = unknown
/bin/machine           = unknown
/usr/bin/oslevel       = unknown
/bin/universe          = unknown

PATH: /home/lemniskett/Git_Repos/neovim-config/nvim/pack/packager/start/fzf/bin
PATH: /usr/local/bin
PATH: /bin
PATH: /usr/bin
PATH: /usr/local/go/bin
PATH: /home/dante/pr/go/bin
PATH: /usr/local/go/bin
PATH: /home/dante/pr/go/bin


## ----------- ##
## Core tests. ##
## ----------- ##

configure:2589: checking for a BSD-compatible install
configure:2657: result: /bin/install -c
configure:2668: checking whether build environment is sane
configure:2723: result: yes
configure:2874: checking for a thread-safe mkdir -p
configure:2913: result: /bin/mkdir -p
configure:2920: checking for gawk
configure:2936: found /bin/gawk
configure:2947: result: gawk
configure:2958: checking whether make sets $(MAKE)
configure:2980: result: yes
configure:3009: checking whether make supports nested variables
configure:3026: result: yes
configure:3157: checking whether to enable maintainer-specific portions of Makefiles
configure:3166: result: no
configure:3184: checking whether make supports the include directive
configure:3199: make -f confmf.GNU && cat confinc.out
this is the am__doit target
configure:3202: $? = 0
configure:3221: result: yes (GNU style)
configure:3291: checking for gcc
configure:3307: found /bin/gcc
configure:3318: result: gcc
configure:3547: checking for C compiler version
configure:3556: gcc --version >&5
gcc (GCC) 10.2.1 20201203
Copyright (C) 2020 Free Software Foundation, Inc.
This is free software; see the source for copying conditions.  There is NO
warranty; not even for MERCHANTABILITY or FITNESS FOR A PARTICULAR PURPOSE.

configure:3567: $? = 0
configure:3556: gcc -v >&5
Using built-in specs.
COLLECT_GCC=gcc
COLLECT_LTO_WRAPPER=/usr/lib64/gcc/x86_64-linux-musl/10.2.1/lto-wrapper
Target: x86_64-linux-musl
Configured with: /builddir/gcc-10.2.1_pre1/configure --build=x86_64-linux-musl --disable-gnu-unique-object --disable-libsanitizer --disable-symvers libat_cv_have_ifunc=no --enable-vtable-verify --prefix=/usr --mandir=/usr/share/man --infodir=/usr/share/info --libexecdir=/usr/lib64 --libdir=/usr/lib64 --enable-threads=posix --enable-__cxa_atexit --disable-multilib --with-system-zlib --enable-shared --enable-lto --enable-plugins --enable-linker-build-id --disable-werror --disable-nls --enable-default-pie --enable-default-ssp --enable-checking=release --disable-libstdcxx-pch --with-isl --with-linker-hash-style=gnu --disable-sjlj-exceptions --disable-target-libiberty --enable-languages=c,c++,objc,obj-c++,fortran,lto,go,ada
Thread model: posix
Supported LTO compression algorithms: zlib
gcc version 10.2.1 20201203 (GCC) 
configure:3567: $? = 0
configure:3556: gcc -V >&5
gcc: error: unrecognized command-line option '-V'
gcc: fatal error: no input files
compilation terminated.
configure:3567: $? = 1
configure:3556: gcc -qversion >&5
gcc: error: unrecognized command-line option '-qversion'; did you mean '--version'?
gcc: fatal error: no input files
compilation terminated.
configure:3567: $? = 1
configure:3587: checking whether the C compiler works
configure:3609: gcc    conftest.c  >&5
configure:3613: $? = 0
configure:3661: result: yes
configure:3664: checking for C compiler default output file name
configure:3666: result: a.out
configure:3672: checking for suffix of executables
configure:3679: gcc -o conftest    conftest.c  >&5
configure:3683: $? = 0
configure:3705: result: 
configure:3727: checking whether we are cross compiling
configure:3735: gcc -o conftest    conftest.c  >&5
configure:3739: $? = 0
configure:3746: ./conftest
configure:3750: $? = 0
configure:3765: result: no
configure:3770: checking for suffix of object files
configure:3792: gcc -c   conftest.c >&5
configure:3796: $? = 0
configure:3817: result: o
configure:3821: checking whether we are using the GNU C compiler
configure:3840: gcc -c   conftest.c >&5
configure:3840: $? = 0
configure:3849: result: yes
configure:3858: checking whether gcc accepts -g
configure:3878: gcc -c -g  conftest.c >&5
configure:3878: $? = 0
configure:3919: result: yes
configure:3936: checking for gcc option to accept ISO C89
configure:3999: gcc  -c -g -O2  conftest.c >&5
configure:3999: $? = 0
configure:4012: result: none needed
configure:4037: checking whether gcc understands -c and -o together
configure:4059: gcc -c conftest.c -o conftest2.o
configure:4062: $? = 0
configure:4059: gcc -c conftest.c -o conftest2.o
configure:4062: $? = 0
configure:4074: result: yes
configure:4093: checking dependency style of gcc
configure:4204: result: gcc3
configure:4221: checking for strerror in -lcposix
configure:4246: gcc -o conftest -g -O2   conftest.c -lcposix   >&5
/bin/ld: cannot find -lcposix
collect2: error: ld returned 1 exit status
configure:4246: $? = 1
configure: failed program was:
| /* confdefs.h */
| #define PACKAGE_NAME "GNU MDK"
| #define PACKAGE_TARNAME "mdk"
| #define PACKAGE_VERSION "1.3.0"
| #define PACKAGE_STRING "GNU MDK 1.3.0"
| #define PACKAGE_BUGREPORT "bug-mdk@gnu.org"
| #define PACKAGE_URL "http://www.gnu.org/software/mdk/"
| #define PACKAGE "mdk"
| #define VERSION "1.3.0"
| /* end confdefs.h.  */
| 
| /* Override any GCC internal prototype to avoid an error.
|    Use char because int might match the return type of a GCC
|    builtin and then its argument prototype would still apply.  */
| #ifdef __cplusplus
| extern "C"
| #endif
| char strerror ();
| int
| main ()
| {
| return strerror ();
|   ;
|   return 0;
| }
configure:4255: result: no
configure:4311: checking for gcc
configure:4338: result: gcc
configure:4567: checking for C compiler version
configure:4576: gcc --version >&5
gcc (GCC) 10.2.1 20201203
Copyright (C) 2020 Free Software Foundation, Inc.
This is free software; see the source for copying conditions.  There is NO
warranty; not even for MERCHANTABILITY or FITNESS FOR A PARTICULAR PURPOSE.

configure:4587: $? = 0
configure:4576: gcc -v >&5
Using built-in specs.
COLLECT_GCC=gcc
COLLECT_LTO_WRAPPER=/usr/lib64/gcc/x86_64-linux-musl/10.2.1/lto-wrapper
Target: x86_64-linux-musl
Configured with: /builddir/gcc-10.2.1_pre1/configure --build=x86_64-linux-musl --disable-gnu-unique-object --disable-libsanitizer --disable-symvers libat_cv_have_ifunc=no --enable-vtable-verify --prefix=/usr --mandir=/usr/share/man --infodir=/usr/share/info --libexecdir=/usr/lib64 --libdir=/usr/lib64 --enable-threads=posix --enable-__cxa_atexit --disable-multilib --with-system-zlib --enable-shared --enable-lto --enable-plugins --enable-linker-build-id --disable-werror --disable-nls --enable-default-pie --enable-default-ssp --enable-checking=release --disable-libstdcxx-pch --with-isl --with-linker-hash-style=gnu --disable-sjlj-exceptions --disable-target-libiberty --enable-languages=c,c++,objc,obj-c++,fortran,lto,go,ada
Thread model: posix
Supported LTO compression algorithms: zlib
gcc version 10.2.1 20201203 (GCC) 
configure:4587: $? = 0
configure:4576: gcc -V >&5
gcc: error: unrecognized command-line option '-V'
gcc: fatal error: no input files
compilation terminated.
configure:4587: $? = 1
configure:4576: gcc -qversion >&5
gcc: error: unrecognized command-line option '-qversion'; did you mean '--version'?
gcc: fatal error: no input files
compilation terminated.
configure:4587: $? = 1
configure:4591: checking whether we are using the GNU C compiler
configure:4619: result: yes
configure:4628: checking whether gcc accepts -g
configure:4689: result: yes
configure:4706: checking for gcc option to accept ISO C89
configure:4782: result: none needed
configure:4807: checking whether gcc understands -c and -o together
configure:4844: result: yes
configure:4863: checking dependency style of gcc
configure:4974: result: gcc3
configure:5037: checking for gcc
configure:5064: result: gcc
configure:5293: checking for C compiler version
configure:5302: gcc --version >&5
gcc (GCC) 10.2.1 20201203
Copyright (C) 2020 Free Software Foundation, Inc.
This is free software; see the source for copying conditions.  There is NO
warranty; not even for MERCHANTABILITY or FITNESS FOR A PARTICULAR PURPOSE.

configure:5313: $? = 0
configure:5302: gcc -v >&5
Using built-in specs.
COLLECT_GCC=gcc
COLLECT_LTO_WRAPPER=/usr/lib64/gcc/x86_64-linux-musl/10.2.1/lto-wrapper
Target: x86_64-linux-musl
Configured with: /builddir/gcc-10.2.1_pre1/configure --build=x86_64-linux-musl --disable-gnu-unique-object --disable-libsanitizer --disable-symvers libat_cv_have_ifunc=no --enable-vtable-verify --prefix=/usr --mandir=/usr/share/man --infodir=/usr/share/info --libexecdir=/usr/lib64 --libdir=/usr/lib64 --enable-threads=posix --enable-__cxa_atexit --disable-multilib --with-system-zlib --enable-shared --enable-lto --enable-plugins --enable-linker-build-id --disable-werror --disable-nls --enable-default-pie --enable-default-ssp --enable-checking=release --disable-libstdcxx-pch --with-isl --with-linker-hash-style=gnu --disable-sjlj-exceptions --disable-target-libiberty --enable-languages=c,c++,objc,obj-c++,fortran,lto,go,ada
Thread model: posix
Supported LTO compression algorithms: zlib
gcc version 10.2.1 20201203 (GCC) 
configure:5313: $? = 0
configure:5302: gcc -V >&5
gcc: error: unrecognized command-line option '-V'
gcc: fatal error: no input files
compilation terminated.
configure:5313: $? = 1
configure:5302: gcc -qversion >&5
gcc: error: unrecognized command-line option '-qversion'; did you mean '--version'?
gcc: fatal error: no input files
compilation terminated.
configure:5313: $? = 1
configure:5317: checking whether we are using the GNU C compiler
configure:5345: result: yes
configure:5354: checking whether gcc accepts -g
configure:5415: result: yes
configure:5432: checking for gcc option to accept ISO C89
configure:5508: result: none needed
configure:5533: checking whether gcc understands -c and -o together
configure:5570: result: yes
configure:5589: checking dependency style of gcc
configure:5700: result: gcc3
configure:5722: checking how to run the C preprocessor
configure:5753: gcc -E  conftest.c
configure:5753: $? = 0
configure:5767: gcc -E  conftest.c
conftest.c:11:10: fatal error: ac_nonexistent.h: No such file or directory
   11 | #include <ac_nonexistent.h>
      |          ^~~~~~~~~~~~~~~~~~
compilation terminated.
configure:5767: $? = 1
configure: failed program was:
| /* confdefs.h */
| #define PACKAGE_NAME "GNU MDK"
| #define PACKAGE_TARNAME "mdk"
| #define PACKAGE_VERSION "1.3.0"
| #define PACKAGE_STRING "GNU MDK 1.3.0"
| #define PACKAGE_BUGREPORT "bug-mdk@gnu.org"
| #define PACKAGE_URL "http://www.gnu.org/software/mdk/"
| #define PACKAGE "mdk"
| #define VERSION "1.3.0"
| /* end confdefs.h.  */
| #include <ac_nonexistent.h>
configure:5792: result: gcc -E
configure:5812: gcc -E  conftest.c
configure:5812: $? = 0
configure:5826: gcc -E  conftest.c
conftest.c:11:10: fatal error: ac_nonexistent.h: No such file or directory
   11 | #include <ac_nonexistent.h>
      |          ^~~~~~~~~~~~~~~~~~
compilation terminated.
configure:5826: $? = 1
configure: failed program was:
| /* confdefs.h */
| #define PACKAGE_NAME "GNU MDK"
| #define PACKAGE_TARNAME "mdk"
| #define PACKAGE_VERSION "1.3.0"
| #define PACKAGE_STRING "GNU MDK 1.3.0"
| #define PACKAGE_BUGREPORT "bug-mdk@gnu.org"
| #define PACKAGE_URL "http://www.gnu.org/software/mdk/"
| #define PACKAGE "mdk"
| #define VERSION "1.3.0"
| /* end confdefs.h.  */
| #include <ac_nonexistent.h>
configure:5855: checking for grep that handles long lines and -e
configure:5913: result: /bin/grep
configure:5918: checking for egrep
configure:5980: result: /bin/grep -E
configure:5985: checking for ANSI C header files
configure:6005: gcc -c -g -O2  conftest.c >&5
configure:6005: $? = 0
configure:6078: gcc -o conftest -g -O2   conftest.c  >&5
configure:6078: $? = 0
configure:6078: ./conftest
configure:6078: $? = 0
configure:6089: result: yes
configure:6102: checking for flex
configure:6132: result: no
configure:6102: checking for lex
configure:6132: result: no
configure:6303: checking for ranlib
configure:6319: found /bin/ranlib
configure:6330: result: ranlib
configure:6386: checking whether NLS is requested
configure:6395: result: yes
configure:6433: checking for msgfmt
configure:6464: result: /bin/msgfmt
configure:6473: checking for gmsgfmt
configure:6504: result: /bin/msgfmt
configure:6544: checking for xgettext
configure:6575: result: /bin/xgettext
configure:6615: checking for msgmerge
configure:6645: result: /bin/msgmerge
configure:6684: checking build system type
configure:6698: result: x86_64-pc-linux-musl
configure:6718: checking host system type
configure:6731: result: x86_64-pc-linux-musl
configure:6751: checking for an ANSI C-conforming const
configure:6817: gcc -c -g -O2  conftest.c >&5
configure:6817: $? = 0
configure:6824: result: yes
configure:6833: checking for signed
configure:6849: gcc -c -g -O2  conftest.c >&5
configure:6849: $? = 0
configure:6856: result: yes
configure:6864: checking for inline
configure:6880: gcc -c -g -O2  conftest.c >&5
configure:6880: $? = 0
configure:6888: result: inline
configure:6911: checking for sys/types.h
configure:6911: gcc -c -g -O2  conftest.c >&5
configure:6911: $? = 0
configure:6911: result: yes
configure:6911: checking for sys/stat.h
configure:6911: gcc -c -g -O2  conftest.c >&5
configure:6911: $? = 0
configure:6911: result: yes
configure:6911: checking for stdlib.h
configure:6911: gcc -c -g -O2  conftest.c >&5
configure:6911: $? = 0
configure:6911: result: yes
configure:6911: checking for string.h
configure:6911: gcc -c -g -O2  conftest.c >&5
configure:6911: $? = 0
configure:6911: result: yes
configure:6911: checking for memory.h
configure:6911: gcc -c -g -O2  conftest.c >&5
configure:6911: $? = 0
configure:6911: result: yes
configure:6911: checking for strings.h
configure:6911: gcc -c -g -O2  conftest.c >&5
configure:6911: $? = 0
configure:6911: result: yes
configure:6911: checking for inttypes.h
configure:6911: gcc -c -g -O2  conftest.c >&5
configure:6911: $? = 0
configure:6911: result: yes
configure:6911: checking for stdint.h
configure:6911: gcc -c -g -O2  conftest.c >&5
configure:6911: $? = 0
configure:6911: result: yes
configure:6911: checking for unistd.h
configure:6911: gcc -c -g -O2  conftest.c >&5
configure:6911: $? = 0
configure:6911: result: yes
configure:6923: checking for off_t
configure:6923: gcc -c -g -O2  conftest.c >&5
configure:6923: $? = 0
configure:6923: gcc -c -g -O2  conftest.c >&5
conftest.c: In function 'main':
conftest.c:57:20: error: expected expression before ')' token
   57 | if (sizeof ((off_t)))
      |                    ^
configure:6923: $? = 1
configure: failed program was:
| /* confdefs.h */
| #define PACKAGE_NAME "GNU MDK"
| #define PACKAGE_TARNAME "mdk"
| #define PACKAGE_VERSION "1.3.0"
| #define PACKAGE_STRING "GNU MDK 1.3.0"
| #define PACKAGE_BUGREPORT "bug-mdk@gnu.org"
| #define PACKAGE_URL "http://www.gnu.org/software/mdk/"
| #define PACKAGE "mdk"
| #define VERSION "1.3.0"
| #define STDC_HEADERS 1
| #define HAVE_SYS_TYPES_H 1
| #define HAVE_SYS_STAT_H 1
| #define HAVE_STDLIB_H 1
| #define HAVE_STRING_H 1
| #define HAVE_MEMORY_H 1
| #define HAVE_STRINGS_H 1
| #define HAVE_INTTYPES_H 1
| #define HAVE_STDINT_H 1
| #define HAVE_UNISTD_H 1
| /* end confdefs.h.  */
| #include <stdio.h>
| #ifdef HAVE_SYS_TYPES_H
| # include <sys/types.h>
| #endif
| #ifdef HAVE_SYS_STAT_H
| # include <sys/stat.h>
| #endif
| #ifdef STDC_HEADERS
| # include <stdlib.h>
| # include <stddef.h>
| #else
| # ifdef HAVE_STDLIB_H
| #  include <stdlib.h>
| # endif
| #endif
| #ifdef HAVE_STRING_H
| # if !defined STDC_HEADERS && defined HAVE_MEMORY_H
| #  include <memory.h>
| # endif
| # include <string.h>
| #endif
| #ifdef HAVE_STRINGS_H
| # include <strings.h>
| #endif
| #ifdef HAVE_INTTYPES_H
| # include <inttypes.h>
| #endif
| #ifdef HAVE_STDINT_H
| # include <stdint.h>
| #endif
| #ifdef HAVE_UNISTD_H
| # include <unistd.h>
| #endif
| int
| main ()
| {
| if (sizeof ((off_t)))
| 	    return 0;
|   ;
|   return 0;
| }
configure:6923: result: yes
configure:6934: checking for size_t
configure:6934: gcc -c -g -O2  conftest.c >&5
configure:6934: $? = 0
configure:6934: gcc -c -g -O2  conftest.c >&5
conftest.c: In function 'main':
conftest.c:57:21: error: expected expression before ')' token
   57 | if (sizeof ((size_t)))
      |                     ^
configure:6934: $? = 1
configure: failed program was:
| /* confdefs.h */
| #define PACKAGE_NAME "GNU MDK"
| #define PACKAGE_TARNAME "mdk"
| #define PACKAGE_VERSION "1.3.0"
| #define PACKAGE_STRING "GNU MDK 1.3.0"
| #define PACKAGE_BUGREPORT "bug-mdk@gnu.org"
| #define PACKAGE_URL "http://www.gnu.org/software/mdk/"
| #define PACKAGE "mdk"
| #define VERSION "1.3.0"
| #define STDC_HEADERS 1
| #define HAVE_SYS_TYPES_H 1
| #define HAVE_SYS_STAT_H 1
| #define HAVE_STDLIB_H 1
| #define HAVE_STRING_H 1
| #define HAVE_MEMORY_H 1
| #define HAVE_STRINGS_H 1
| #define HAVE_INTTYPES_H 1
| #define HAVE_STDINT_H 1
| #define HAVE_UNISTD_H 1
| /* end confdefs.h.  */
| #include <stdio.h>
| #ifdef HAVE_SYS_TYPES_H
| # include <sys/types.h>
| #endif
| #ifdef HAVE_SYS_STAT_H
| # include <sys/stat.h>
| #endif
| #ifdef STDC_HEADERS
| # include <stdlib.h>
| # include <stddef.h>
| #else
| # ifdef HAVE_STDLIB_H
| #  include <stdlib.h>
| # endif
| #endif
| #ifdef HAVE_STRING_H
| # if !defined STDC_HEADERS && defined HAVE_MEMORY_H
| #  include <memory.h>
| # endif
| # include <string.h>
| #endif
| #ifdef HAVE_STRINGS_H
| # include <strings.h>
| #endif
| #ifdef HAVE_INTTYPES_H
| # include <inttypes.h>
| #endif
| #ifdef HAVE_STDINT_H
| # include <stdint.h>
| #endif
| #ifdef HAVE_UNISTD_H
| # include <unistd.h>
| #endif
| int
| main ()
| {
| if (sizeof ((size_t)))
| 	    return 0;
|   ;
|   return 0;
| }
configure:6934: result: yes
configure:6946: checking for long long
configure:6963: gcc -o conftest -g -O2   conftest.c  >&5
configure:6963: $? = 0
configure:6971: result: yes
configure:6980: checking for long double
configure:7012: result: yes
configure:7021: checking for wchar_t
configure:7038: gcc -c -g -O2  conftest.c >&5
configure:7038: $? = 0
configure:7045: result: yes
configure:7054: checking for wint_t
configure:7071: gcc -c -g -O2  conftest.c >&5
configure:7071: $? = 0
configure:7078: result: yes
configure:7087: checking for inttypes.h
configure:7104: gcc -c -g -O2  conftest.c >&5
configure:7104: $? = 0
configure:7111: result: yes
configure:7122: checking for stdint.h
configure:7139: gcc -c -g -O2  conftest.c >&5
configure:7139: $? = 0
configure:7146: result: yes
configure:7159: checking for intmax_t
configure:7184: gcc -c -g -O2  conftest.c >&5
configure:7184: $? = 0
configure:7191: result: yes
configure:7201: checking whether printf() supports POSIX/XSI format strings
configure:7242: gcc -o conftest -g -O2   conftest.c  >&5
configure:7242: $? = 0
configure:7242: ./conftest
configure:7242: $? = 0
configure:7253: result: yes
configure:7265: checking for working alloca.h
configure:7282: gcc -o conftest -g -O2   conftest.c  >&5
configure:7282: $? = 0
configure:7290: result: yes
configure:7298: checking for alloca
configure:7335: gcc -o conftest -g -O2   conftest.c  >&5
configure:7335: $? = 0
configure:7343: result: yes
configure:7455: checking for stdlib.h
configure:7455: result: yes
configure:7455: checking for unistd.h
configure:7455: result: yes
configure:7455: checking for sys/param.h
configure:7455: gcc -c -g -O2  conftest.c >&5
configure:7455: $? = 0
configure:7455: result: yes
configure:7475: checking for getpagesize
configure:7475: gcc -o conftest -g -O2   conftest.c  >&5
configure:7475: $? = 0
configure:7475: result: yes
configure:7484: checking for working mmap
configure:7633: gcc -o conftest -g -O2   conftest.c  >&5
configure:7633: $? = 0
configure:7633: ./conftest
configure:7633: $? = 0
configure:7643: result: yes
configure:7653: checking whether we are using the GNU C Library 2.1 or newer
configure:7680: result: no
configure:7688: checking whether integer division by zero raises SIGFPE
configure:7745: gcc -o conftest -g -O2   conftest.c  >&5
conftest.c:54:5: warning: built-in function 'nan' declared as non-function [-Wbuiltin-declaration-mismatch]
   54 | int nan;
      |     ^~~
configure:7745: $? = 0
configure:7745: ./conftest
configure:7745: $? = 0
configure:7756: result: yes
configure:7769: checking for unsigned long long
configure:7786: gcc -o conftest -g -O2   conftest.c  >&5
configure:7786: $? = 0
configure:7794: result: yes
configure:7822: checking for inttypes.h
configure:7840: gcc -c -g -O2  conftest.c >&5
configure:7840: $? = 0
configure:7848: result: yes
configure:7861: checking whether the inttypes.h PRIxNN macros are broken
configure:7882: gcc -c -g -O2  conftest.c >&5
configure:7882: $? = 0
configure:7890: result: no
configure:7904: checking for stdint.h
configure:7904: result: yes
configure:7914: checking for SIZE_MAX
configure:7987: result: yes
configure:8001: checking for stdint.h
configure:8001: result: yes
configure:8052: checking for ld used by GCC
configure:8116: result: /bin/ld
configure:8123: checking if the linker (/bin/ld) is GNU ld
configure:8136: result: yes
configure:8142: checking for shared library run path origin
configure:8155: result: done
configure:8561: checking for ptrdiff_t
configure:8561: gcc -c -g -O2  conftest.c >&5
configure:8561: $? = 0
configure:8561: gcc -c -g -O2  conftest.c >&5
conftest.c: In function 'main':
conftest.c:78:24: error: expected expression before ')' token
   78 | if (sizeof ((ptrdiff_t)))
      |                        ^
configure:8561: $? = 1
configure: failed program was:
| /* confdefs.h */
| #define PACKAGE_NAME "GNU MDK"
| #define PACKAGE_TARNAME "mdk"
| #define PACKAGE_VERSION "1.3.0"
| #define PACKAGE_STRING "GNU MDK 1.3.0"
| #define PACKAGE_BUGREPORT "bug-mdk@gnu.org"
| #define PACKAGE_URL "http://www.gnu.org/software/mdk/"
| #define PACKAGE "mdk"
| #define VERSION "1.3.0"
| #define STDC_HEADERS 1
| #define HAVE_SYS_TYPES_H 1
| #define HAVE_SYS_STAT_H 1
| #define HAVE_STDLIB_H 1
| #define HAVE_STRING_H 1
| #define HAVE_MEMORY_H 1
| #define HAVE_STRINGS_H 1
| #define HAVE_INTTYPES_H 1
| #define HAVE_STDINT_H 1
| #define HAVE_UNISTD_H 1
| #define HAVE_LONG_LONG 1
| #define HAVE_LONG_DOUBLE 1
| #define HAVE_WCHAR_T 1
| #define HAVE_WINT_T 1
| #define HAVE_INTTYPES_H_WITH_UINTMAX 1
| #define HAVE_STDINT_H_WITH_UINTMAX 1
| #define HAVE_INTMAX_T 1
| #define HAVE_POSIX_PRINTF 1
| #define HAVE_ALLOCA_H 1
| #define HAVE_ALLOCA 1
| #define HAVE_STDLIB_H 1
| #define HAVE_UNISTD_H 1
| #define HAVE_SYS_PARAM_H 1
| #define HAVE_GETPAGESIZE 1
| #define HAVE_MMAP 1
| #define INTDIV0_RAISES_SIGFPE 1
| #define HAVE_UNSIGNED_LONG_LONG 1
| #define HAVE_UINTMAX_T 1
| #define HAVE_INTTYPES_H 1
| #define HAVE_STDINT_H 1
| #define HAVE_STDINT_H 1
| /* end confdefs.h.  */
| #include <stdio.h>
| #ifdef HAVE_SYS_TYPES_H
| # include <sys/types.h>
| #endif
| #ifdef HAVE_SYS_STAT_H
| # include <sys/stat.h>
| #endif
| #ifdef STDC_HEADERS
| # include <stdlib.h>
| # include <stddef.h>
| #else
| # ifdef HAVE_STDLIB_H
| #  include <stdlib.h>
| # endif
| #endif
| #ifdef HAVE_STRING_H
| # if !defined STDC_HEADERS && defined HAVE_MEMORY_H
| #  include <memory.h>
| # endif
| # include <string.h>
| #endif
| #ifdef HAVE_STRINGS_H
| # include <strings.h>
| #endif
| #ifdef HAVE_INTTYPES_H
| # include <inttypes.h>
| #endif
| #ifdef HAVE_STDINT_H
| # include <stdint.h>
| #endif
| #ifdef HAVE_UNISTD_H
| # include <unistd.h>
| #endif
| int
| main ()
| {
| if (sizeof ((ptrdiff_t)))
| 	    return 0;
|   ;
|   return 0;
| }
configure:8561: result: yes
configure:8575: checking argz.h usability
configure:8575: gcc -c -g -O2  conftest.c >&5
conftest.c:75:10: fatal error: argz.h: No such file or directory
   75 | #include <argz.h>
      |          ^~~~~~~~
compilation terminated.
configure:8575: $? = 1
configure: failed program was:
| /* confdefs.h */
| #define PACKAGE_NAME "GNU MDK"
| #define PACKAGE_TARNAME "mdk"
| #define PACKAGE_VERSION "1.3.0"
| #define PACKAGE_STRING "GNU MDK 1.3.0"
| #define PACKAGE_BUGREPORT "bug-mdk@gnu.org"
| #define PACKAGE_URL "http://www.gnu.org/software/mdk/"
| #define PACKAGE "mdk"
| #define VERSION "1.3.0"
| #define STDC_HEADERS 1
| #define HAVE_SYS_TYPES_H 1
| #define HAVE_SYS_STAT_H 1
| #define HAVE_STDLIB_H 1
| #define HAVE_STRING_H 1
| #define HAVE_MEMORY_H 1
| #define HAVE_STRINGS_H 1
| #define HAVE_INTTYPES_H 1
| #define HAVE_STDINT_H 1
| #define HAVE_UNISTD_H 1
| #define HAVE_LONG_LONG 1
| #define HAVE_LONG_DOUBLE 1
| #define HAVE_WCHAR_T 1
| #define HAVE_WINT_T 1
| #define HAVE_INTTYPES_H_WITH_UINTMAX 1
| #define HAVE_STDINT_H_WITH_UINTMAX 1
| #define HAVE_INTMAX_T 1
| #define HAVE_POSIX_PRINTF 1
| #define HAVE_ALLOCA_H 1
| #define HAVE_ALLOCA 1
| #define HAVE_STDLIB_H 1
| #define HAVE_UNISTD_H 1
| #define HAVE_SYS_PARAM_H 1
| #define HAVE_GETPAGESIZE 1
| #define HAVE_MMAP 1
| #define INTDIV0_RAISES_SIGFPE 1
| #define HAVE_UNSIGNED_LONG_LONG 1
| #define HAVE_UINTMAX_T 1
| #define HAVE_INTTYPES_H 1
| #define HAVE_STDINT_H 1
| #define HAVE_STDINT_H 1
| /* end confdefs.h.  */
| #include <stdio.h>
| #ifdef HAVE_SYS_TYPES_H
| # include <sys/types.h>
| #endif
| #ifdef HAVE_SYS_STAT_H
| # include <sys/stat.h>
| #endif
| #ifdef STDC_HEADERS
| # include <stdlib.h>
| # include <stddef.h>
| #else
| # ifdef HAVE_STDLIB_H
| #  include <stdlib.h>
| # endif
| #endif
| #ifdef HAVE_STRING_H
| # if !defined STDC_HEADERS && defined HAVE_MEMORY_H
| #  include <memory.h>
| # endif
| # include <string.h>
| #endif
| #ifdef HAVE_STRINGS_H
| # include <strings.h>
| #endif
| #ifdef HAVE_INTTYPES_H
| # include <inttypes.h>
| #endif
| #ifdef HAVE_STDINT_H
| # include <stdint.h>
| #endif
| #ifdef HAVE_UNISTD_H
| # include <unistd.h>
| #endif
| #include <argz.h>
configure:8575: result: no
configure:8575: checking argz.h presence
configure:8575: gcc -E  conftest.c
conftest.c:42:10: fatal error: argz.h: No such file or directory
   42 | #include <argz.h>
      |          ^~~~~~~~
compilation terminated.
configure:8575: $? = 1
configure: failed program was:
| /* confdefs.h */
| #define PACKAGE_NAME "GNU MDK"
| #define PACKAGE_TARNAME "mdk"
| #define PACKAGE_VERSION "1.3.0"
| #define PACKAGE_STRING "GNU MDK 1.3.0"
| #define PACKAGE_BUGREPORT "bug-mdk@gnu.org"
| #define PACKAGE_URL "http://www.gnu.org/software/mdk/"
| #define PACKAGE "mdk"
| #define VERSION "1.3.0"
| #define STDC_HEADERS 1
| #define HAVE_SYS_TYPES_H 1
| #define HAVE_SYS_STAT_H 1
| #define HAVE_STDLIB_H 1
| #define HAVE_STRING_H 1
| #define HAVE_MEMORY_H 1
| #define HAVE_STRINGS_H 1
| #define HAVE_INTTYPES_H 1
| #define HAVE_STDINT_H 1
| #define HAVE_UNISTD_H 1
| #define HAVE_LONG_LONG 1
| #define HAVE_LONG_DOUBLE 1
| #define HAVE_WCHAR_T 1
| #define HAVE_WINT_T 1
| #define HAVE_INTTYPES_H_WITH_UINTMAX 1
| #define HAVE_STDINT_H_WITH_UINTMAX 1
| #define HAVE_INTMAX_T 1
| #define HAVE_POSIX_PRINTF 1
| #define HAVE_ALLOCA_H 1
| #define HAVE_ALLOCA 1
| #define HAVE_STDLIB_H 1
| #define HAVE_UNISTD_H 1
| #define HAVE_SYS_PARAM_H 1
| #define HAVE_GETPAGESIZE 1
| #define HAVE_MMAP 1
| #define INTDIV0_RAISES_SIGFPE 1
| #define HAVE_UNSIGNED_LONG_LONG 1
| #define HAVE_UINTMAX_T 1
| #define HAVE_INTTYPES_H 1
| #define HAVE_STDINT_H 1
| #define HAVE_STDINT_H 1
| /* end confdefs.h.  */
| #include <argz.h>
configure:8575: result: no
configure:8575: checking for argz.h
configure:8575: result: no
configure:8575: checking limits.h usability
configure:8575: gcc -c -g -O2  conftest.c >&5
configure:8575: $? = 0
configure:8575: result: yes
configure:8575: checking limits.h presence
configure:8575: gcc -E  conftest.c
configure:8575: $? = 0
configure:8575: result: yes
configure:8575: checking for limits.h
configure:8575: result: yes
configure:8575: checking locale.h usability
configure:8575: gcc -c -g -O2  conftest.c >&5
configure:8575: $? = 0
configure:8575: result: yes
configure:8575: checking locale.h presence
configure:8575: gcc -E  conftest.c
configure:8575: $? = 0
configure:8575: result: yes
configure:8575: checking for locale.h
configure:8575: result: yes
configure:8575: checking nl_types.h usability
configure:8575: gcc -c -g -O2  conftest.c >&5
configure:8575: $? = 0
configure:8575: result: yes
configure:8575: checking nl_types.h presence
configure:8575: gcc -E  conftest.c
configure:8575: $? = 0
configure:8575: result: yes
configure:8575: checking for nl_types.h
configure:8575: result: yes
configure:8575: checking malloc.h usability
configure:8575: gcc -c -g -O2  conftest.c >&5
configure:8575: $? = 0
configure:8575: result: yes
configure:8575: checking malloc.h presence
configure:8575: gcc -E  conftest.c
configure:8575: $? = 0
configure:8575: result: yes
configure:8575: checking for malloc.h
configure:8575: result: yes
configure:8575: checking stddef.h usability
configure:8575: gcc -c -g -O2  conftest.c >&5
configure:8575: $? = 0
configure:8575: result: yes
configure:8575: checking stddef.h presence
configure:8575: gcc -E  conftest.c
configure:8575: $? = 0
configure:8575: result: yes
configure:8575: checking for stddef.h
configure:8575: result: yes
configure:8575: checking for stdlib.h
configure:8575: result: yes
configure:8575: checking for string.h
configure:8575: result: yes
configure:8575: checking for unistd.h
configure:8575: result: yes
configure:8575: checking for sys/param.h
configure:8575: result: yes
configure:8591: checking for asprintf
configure:8591: gcc -o conftest -g -O2   conftest.c  >&5
configure:8591: $? = 0
configure:8591: result: yes
configure:8591: checking for fwprintf
configure:8591: gcc -o conftest -g -O2   conftest.c  >&5
configure:8591: $? = 0
configure:8591: result: yes
configure:8591: checking for getcwd
configure:8591: gcc -o conftest -g -O2   conftest.c  >&5
configure:8591: $? = 0
configure:8591: result: yes
configure:8591: checking for getegid
configure:8591: gcc -o conftest -g -O2   conftest.c  >&5
configure:8591: $? = 0
configure:8591: result: yes
configure:8591: checking for geteuid
configure:8591: gcc -o conftest -g -O2   conftest.c  >&5
configure:8591: $? = 0
configure:8591: result: yes
configure:8591: checking for getgid
configure:8591: gcc -o conftest -g -O2   conftest.c  >&5
configure:8591: $? = 0
configure:8591: result: yes
configure:8591: checking for getuid
configure:8591: gcc -o conftest -g -O2   conftest.c  >&5
configure:8591: $? = 0
configure:8591: result: yes
configure:8591: checking for mempcpy
configure:8591: gcc -o conftest -g -O2   conftest.c  >&5
conftest.c:81:6: warning: conflicting types for built-in function 'mempcpy'; expected 'void *(void *, const void *, long unsigned int)' [-Wbuiltin-declaration-mismatch]
   81 | char mempcpy ();
      |      ^~~~~~~
configure:8591: $? = 0
configure:8591: result: yes
configure:8591: checking for munmap
configure:8591: gcc -o conftest -g -O2   conftest.c  >&5
configure:8591: $? = 0
configure:8591: result: yes
configure:8591: checking for putenv
configure:8591: gcc -o conftest -g -O2   conftest.c  >&5
configure:8591: $? = 0
configure:8591: result: yes
configure:8591: checking for setenv
configure:8591: gcc -o conftest -g -O2   conftest.c  >&5
configure:8591: $? = 0
configure:8591: result: yes
configure:8591: checking for setlocale
configure:8591: gcc -o conftest -g -O2   conftest.c  >&5
configure:8591: $? = 0
configure:8591: result: yes
configure:8591: checking for snprintf
configure:8591: gcc -o conftest -g -O2   conftest.c  >&5
conftest.c:86:6: warning: conflicting types for built-in function 'snprintf'; expected 'int(char *, long unsigned int,  const char *, ...)' [-Wbuiltin-declaration-mismatch]
   86 | char snprintf ();
      |      ^~~~~~~~
conftest.c:74:1: note: 'snprintf' is declared in header '<stdio.h>'
   73 | # include <limits.h>
   74 | #else
configure:8591: $? = 0
configure:8591: result: yes
configure:8591: checking for stpcpy
configure:8591: gcc -o conftest -g -O2   conftest.c  >&5
conftest.c:87:6: warning: conflicting types for built-in function 'stpcpy'; expected 'char *(char *, const char *)' [-Wbuiltin-declaration-mismatch]
   87 | char stpcpy ();
      |      ^~~~~~
configure:8591: $? = 0
configure:8591: result: yes
configure:8591: checking for strcasecmp
configure:8591: gcc -o conftest -g -O2   conftest.c  >&5
conftest.c:88:6: warning: conflicting types for built-in function 'strcasecmp'; expected 'int(const char *, const char *)' [-Wbuiltin-declaration-mismatch]
   88 | char strcasecmp ();
      |      ^~~~~~~~~~
configure:8591: $? = 0
configure:8591: result: yes
configure:8591: checking for strdup
configure:8591: gcc -o conftest -g -O2   conftest.c  >&5
conftest.c:89:6: warning: conflicting types for built-in function 'strdup'; expected 'char *(const char *)' [-Wbuiltin-declaration-mismatch]
   89 | char strdup ();
      |      ^~~~~~
configure:8591: $? = 0
configure:8591: result: yes
configure:8591: checking for strtoul
configure:8591: gcc -o conftest -g -O2   conftest.c  >&5
configure:8591: $? = 0
configure:8591: result: yes
configure:8591: checking for tsearch
configure:8591: gcc -o conftest -g -O2   conftest.c  >&5
configure:8591: $? = 0
configure:8591: result: yes
configure:8591: checking for wcslen
configure:8591: gcc -o conftest -g -O2   conftest.c  >&5
configure:8591: $? = 0
configure:8591: result: yes
configure:8591: checking for __argz_count
configure:8591: gcc -o conftest -g -O2   conftest.c  >&5
/bin/ld: /tmp/cckIaMhp.o: in function `main':
/home/dante/pr/mdk-1.3.0/conftest.c:104: undefined reference to `__argz_count'
collect2: error: ld returned 1 exit status
configure:8591: $? = 1
configure: failed program was:
| /* confdefs.h */
| #define PACKAGE_NAME "GNU MDK"
| #define PACKAGE_TARNAME "mdk"
| #define PACKAGE_VERSION "1.3.0"
| #define PACKAGE_STRING "GNU MDK 1.3.0"
| #define PACKAGE_BUGREPORT "bug-mdk@gnu.org"
| #define PACKAGE_URL "http://www.gnu.org/software/mdk/"
| #define PACKAGE "mdk"
| #define VERSION "1.3.0"
| #define STDC_HEADERS 1
| #define HAVE_SYS_TYPES_H 1
| #define HAVE_SYS_STAT_H 1
| #define HAVE_STDLIB_H 1
| #define HAVE_STRING_H 1
| #define HAVE_MEMORY_H 1
| #define HAVE_STRINGS_H 1
| #define HAVE_INTTYPES_H 1
| #define HAVE_STDINT_H 1
| #define HAVE_UNISTD_H 1
| #define HAVE_LONG_LONG 1
| #define HAVE_LONG_DOUBLE 1
| #define HAVE_WCHAR_T 1
| #define HAVE_WINT_T 1
| #define HAVE_INTTYPES_H_WITH_UINTMAX 1
| #define HAVE_STDINT_H_WITH_UINTMAX 1
| #define HAVE_INTMAX_T 1
| #define HAVE_POSIX_PRINTF 1
| #define HAVE_ALLOCA_H 1
| #define HAVE_ALLOCA 1
| #define HAVE_STDLIB_H 1
| #define HAVE_UNISTD_H 1
| #define HAVE_SYS_PARAM_H 1
| #define HAVE_GETPAGESIZE 1
| #define HAVE_MMAP 1
| #define INTDIV0_RAISES_SIGFPE 1
| #define HAVE_UNSIGNED_LONG_LONG 1
| #define HAVE_UINTMAX_T 1
| #define HAVE_INTTYPES_H 1
| #define HAVE_STDINT_H 1
| #define HAVE_STDINT_H 1
| #define HAVE_LIMITS_H 1
| #define HAVE_LOCALE_H 1
| #define HAVE_NL_TYPES_H 1
| #define HAVE_MALLOC_H 1
| #define HAVE_STDDEF_H 1
| #define HAVE_STDLIB_H 1
| #define HAVE_STRING_H 1
| #define HAVE_UNISTD_H 1
| #define HAVE_SYS_PARAM_H 1
| #define HAVE_ASPRINTF 1
| #define HAVE_FWPRINTF 1
| #define HAVE_GETCWD 1
| #define HAVE_GETEGID 1
| #define HAVE_GETEUID 1
| #define HAVE_GETGID 1
| #define HAVE_GETUID 1
| #define HAVE_MEMPCPY 1
| #define HAVE_MUNMAP 1
| #define HAVE_PUTENV 1
| #define HAVE_SETENV 1
| #define HAVE_SETLOCALE 1
| #define HAVE_SNPRINTF 1
| #define HAVE_STPCPY 1
| #define HAVE_STRCASECMP 1
| #define HAVE_STRDUP 1
| #define HAVE_STRTOUL 1
| #define HAVE_TSEARCH 1
| #define HAVE_WCSLEN 1
| /* end confdefs.h.  */
| /* Define __argz_count to an innocuous variant, in case <limits.h> declares __argz_count.
|    For example, HP-UX 11i <limits.h> declares gettimeofday.  */
| #define __argz_count innocuous___argz_count
| 
| /* System header to define __stub macros and hopefully few prototypes,
|     which can conflict with char __argz_count (); below.
|     Prefer <limits.h> to <assert.h> if __STDC__ is defined, since
|     <limits.h> exists even on freestanding compilers.  */
| 
| #ifdef __STDC__
| # include <limits.h>
| #else
| # include <assert.h>
| #endif
| 
| #undef __argz_count
| 
| /* Override any GCC internal prototype to avoid an error.
|    Use char because int might match the return type of a GCC
|    builtin and then its argument prototype would still apply.  */
| #ifdef __cplusplus
| extern "C"
| #endif
| char __argz_count ();
| /* The GNU C library defines this for functions which it implements
|     to always fail with ENOSYS.  Some functions are actually named
|     something starting with __ and the normal name is an alias.  */
| #if defined __stub___argz_count || defined __stub_____argz_count
| choke me
| #endif
| 
| int
| main ()
| {
| return __argz_count ();
|   ;
|   return 0;
| }
configure:8591: result: no
configure:8591: checking for __argz_stringify
configure:8591: gcc -o conftest -g -O2   conftest.c  >&5
/bin/ld: /tmp/ccEihAiD.o: in function `main':
/home/dante/pr/mdk-1.3.0/conftest.c:104: undefined reference to `__argz_stringify'
collect2: error: ld returned 1 exit status
configure:8591: $? = 1
configure: failed program was:
| /* confdefs.h */
| #define PACKAGE_NAME "GNU MDK"
| #define PACKAGE_TARNAME "mdk"
| #define PACKAGE_VERSION "1.3.0"
| #define PACKAGE_STRING "GNU MDK 1.3.0"
| #define PACKAGE_BUGREPORT "bug-mdk@gnu.org"
| #define PACKAGE_URL "http://www.gnu.org/software/mdk/"
| #define PACKAGE "mdk"
| #define VERSION "1.3.0"
| #define STDC_HEADERS 1
| #define HAVE_SYS_TYPES_H 1
| #define HAVE_SYS_STAT_H 1
| #define HAVE_STDLIB_H 1
| #define HAVE_STRING_H 1
| #define HAVE_MEMORY_H 1
| #define HAVE_STRINGS_H 1
| #define HAVE_INTTYPES_H 1
| #define HAVE_STDINT_H 1
| #define HAVE_UNISTD_H 1
| #define HAVE_LONG_LONG 1
| #define HAVE_LONG_DOUBLE 1
| #define HAVE_WCHAR_T 1
| #define HAVE_WINT_T 1
| #define HAVE_INTTYPES_H_WITH_UINTMAX 1
| #define HAVE_STDINT_H_WITH_UINTMAX 1
| #define HAVE_INTMAX_T 1
| #define HAVE_POSIX_PRINTF 1
| #define HAVE_ALLOCA_H 1
| #define HAVE_ALLOCA 1
| #define HAVE_STDLIB_H 1
| #define HAVE_UNISTD_H 1
| #define HAVE_SYS_PARAM_H 1
| #define HAVE_GETPAGESIZE 1
| #define HAVE_MMAP 1
| #define INTDIV0_RAISES_SIGFPE 1
| #define HAVE_UNSIGNED_LONG_LONG 1
| #define HAVE_UINTMAX_T 1
| #define HAVE_INTTYPES_H 1
| #define HAVE_STDINT_H 1
| #define HAVE_STDINT_H 1
| #define HAVE_LIMITS_H 1
| #define HAVE_LOCALE_H 1
| #define HAVE_NL_TYPES_H 1
| #define HAVE_MALLOC_H 1
| #define HAVE_STDDEF_H 1
| #define HAVE_STDLIB_H 1
| #define HAVE_STRING_H 1
| #define HAVE_UNISTD_H 1
| #define HAVE_SYS_PARAM_H 1
| #define HAVE_ASPRINTF 1
| #define HAVE_FWPRINTF 1
| #define HAVE_GETCWD 1
| #define HAVE_GETEGID 1
| #define HAVE_GETEUID 1
| #define HAVE_GETGID 1
| #define HAVE_GETUID 1
| #define HAVE_MEMPCPY 1
| #define HAVE_MUNMAP 1
| #define HAVE_PUTENV 1
| #define HAVE_SETENV 1
| #define HAVE_SETLOCALE 1
| #define HAVE_SNPRINTF 1
| #define HAVE_STPCPY 1
| #define HAVE_STRCASECMP 1
| #define HAVE_STRDUP 1
| #define HAVE_STRTOUL 1
| #define HAVE_TSEARCH 1
| #define HAVE_WCSLEN 1
| /* end confdefs.h.  */
| /* Define __argz_stringify to an innocuous variant, in case <limits.h> declares __argz_stringify.
|    For example, HP-UX 11i <limits.h> declares gettimeofday.  */
| #define __argz_stringify innocuous___argz_stringify
| 
| /* System header to define __stub macros and hopefully few prototypes,
|     which can conflict with char __argz_stringify (); below.
|     Prefer <limits.h> to <assert.h> if __STDC__ is defined, since
|     <limits.h> exists even on freestanding compilers.  */
| 
| #ifdef __STDC__
| # include <limits.h>
| #else
| # include <assert.h>
| #endif
| 
| #undef __argz_stringify
| 
| /* Override any GCC internal prototype to avoid an error.
|    Use char because int might match the return type of a GCC
|    builtin and then its argument prototype would still apply.  */
| #ifdef __cplusplus
| extern "C"
| #endif
| char __argz_stringify ();
| /* The GNU C library defines this for functions which it implements
|     to always fail with ENOSYS.  Some functions are actually named
|     something starting with __ and the normal name is an alias.  */
| #if defined __stub___argz_stringify || defined __stub_____argz_stringify
| choke me
| #endif
| 
| int
| main ()
| {
| return __argz_stringify ();
|   ;
|   return 0;
| }
configure:8591: result: no
configure:8591: checking for __argz_next
configure:8591: gcc -o conftest -g -O2   conftest.c  >&5
/bin/ld: /tmp/ccHCOGEf.o: in function `main':
/home/dante/pr/mdk-1.3.0/conftest.c:104: undefined reference to `__argz_next'
collect2: error: ld returned 1 exit status
configure:8591: $? = 1
configure: failed program was:
| /* confdefs.h */
| #define PACKAGE_NAME "GNU MDK"
| #define PACKAGE_TARNAME "mdk"
| #define PACKAGE_VERSION "1.3.0"
| #define PACKAGE_STRING "GNU MDK 1.3.0"
| #define PACKAGE_BUGREPORT "bug-mdk@gnu.org"
| #define PACKAGE_URL "http://www.gnu.org/software/mdk/"
| #define PACKAGE "mdk"
| #define VERSION "1.3.0"
| #define STDC_HEADERS 1
| #define HAVE_SYS_TYPES_H 1
| #define HAVE_SYS_STAT_H 1
| #define HAVE_STDLIB_H 1
| #define HAVE_STRING_H 1
| #define HAVE_MEMORY_H 1
| #define HAVE_STRINGS_H 1
| #define HAVE_INTTYPES_H 1
| #define HAVE_STDINT_H 1
| #define HAVE_UNISTD_H 1
| #define HAVE_LONG_LONG 1
| #define HAVE_LONG_DOUBLE 1
| #define HAVE_WCHAR_T 1
| #define HAVE_WINT_T 1
| #define HAVE_INTTYPES_H_WITH_UINTMAX 1
| #define HAVE_STDINT_H_WITH_UINTMAX 1
| #define HAVE_INTMAX_T 1
| #define HAVE_POSIX_PRINTF 1
| #define HAVE_ALLOCA_H 1
| #define HAVE_ALLOCA 1
| #define HAVE_STDLIB_H 1
| #define HAVE_UNISTD_H 1
| #define HAVE_SYS_PARAM_H 1
| #define HAVE_GETPAGESIZE 1
| #define HAVE_MMAP 1
| #define INTDIV0_RAISES_SIGFPE 1
| #define HAVE_UNSIGNED_LONG_LONG 1
| #define HAVE_UINTMAX_T 1
| #define HAVE_INTTYPES_H 1
| #define HAVE_STDINT_H 1
| #define HAVE_STDINT_H 1
| #define HAVE_LIMITS_H 1
| #define HAVE_LOCALE_H 1
| #define HAVE_NL_TYPES_H 1
| #define HAVE_MALLOC_H 1
| #define HAVE_STDDEF_H 1
| #define HAVE_STDLIB_H 1
| #define HAVE_STRING_H 1
| #define HAVE_UNISTD_H 1
| #define HAVE_SYS_PARAM_H 1
| #define HAVE_ASPRINTF 1
| #define HAVE_FWPRINTF 1
| #define HAVE_GETCWD 1
| #define HAVE_GETEGID 1
| #define HAVE_GETEUID 1
| #define HAVE_GETGID 1
| #define HAVE_GETUID 1
| #define HAVE_MEMPCPY 1
| #define HAVE_MUNMAP 1
| #define HAVE_PUTENV 1
| #define HAVE_SETENV 1
| #define HAVE_SETLOCALE 1
| #define HAVE_SNPRINTF 1
| #define HAVE_STPCPY 1
| #define HAVE_STRCASECMP 1
| #define HAVE_STRDUP 1
| #define HAVE_STRTOUL 1
| #define HAVE_TSEARCH 1
| #define HAVE_WCSLEN 1
| /* end confdefs.h.  */
| /* Define __argz_next to an innocuous variant, in case <limits.h> declares __argz_next.
|    For example, HP-UX 11i <limits.h> declares gettimeofday.  */
| #define __argz_next innocuous___argz_next
| 
| /* System header to define __stub macros and hopefully few prototypes,
|     which can conflict with char __argz_next (); below.
|     Prefer <limits.h> to <assert.h> if __STDC__ is defined, since
|     <limits.h> exists even on freestanding compilers.  */
| 
| #ifdef __STDC__
| # include <limits.h>
| #else
| # include <assert.h>
| #endif
| 
| #undef __argz_next
| 
| /* Override any GCC internal prototype to avoid an error.
|    Use char because int might match the return type of a GCC
|    builtin and then its argument prototype would still apply.  */
| #ifdef __cplusplus
| extern "C"
| #endif
| char __argz_next ();
| /* The GNU C library defines this for functions which it implements
|     to always fail with ENOSYS.  Some functions are actually named
|     something starting with __ and the normal name is an alias.  */
| #if defined __stub___argz_next || defined __stub_____argz_next
| choke me
| #endif
| 
| int
| main ()
| {
| return __argz_next ();
|   ;
|   return 0;
| }
configure:8591: result: no
configure:8591: checking for __fsetlocking
configure:8591: gcc -o conftest -g -O2   conftest.c  >&5
configure:8591: $? = 0
configure:8591: result: yes
configure:8602: checking whether _snprintf is declared
configure:8622: gcc -c -g -O2  conftest.c >&5
conftest.c: In function 'main':
conftest.c:77:22: error: '_snprintf' undeclared (first use in this function); did you mean 'vsnprintf'?
   77 |   char *p = (char *) _snprintf;
      |                      ^~~~~~~~~
      |                      vsnprintf
conftest.c:77:22: note: each undeclared identifier is reported only once for each function it appears in
configure:8622: $? = 1
configure: failed program was:
| /* confdefs.h */
| #define PACKAGE_NAME "GNU MDK"
| #define PACKAGE_TARNAME "mdk"
| #define PACKAGE_VERSION "1.3.0"
| #define PACKAGE_STRING "GNU MDK 1.3.0"
| #define PACKAGE_BUGREPORT "bug-mdk@gnu.org"
| #define PACKAGE_URL "http://www.gnu.org/software/mdk/"
| #define PACKAGE "mdk"
| #define VERSION "1.3.0"
| #define STDC_HEADERS 1
| #define HAVE_SYS_TYPES_H 1
| #define HAVE_SYS_STAT_H 1
| #define HAVE_STDLIB_H 1
| #define HAVE_STRING_H 1
| #define HAVE_MEMORY_H 1
| #define HAVE_STRINGS_H 1
| #define HAVE_INTTYPES_H 1
| #define HAVE_STDINT_H 1
| #define HAVE_UNISTD_H 1
| #define HAVE_LONG_LONG 1
| #define HAVE_LONG_DOUBLE 1
| #define HAVE_WCHAR_T 1
| #define HAVE_WINT_T 1
| #define HAVE_INTTYPES_H_WITH_UINTMAX 1
| #define HAVE_STDINT_H_WITH_UINTMAX 1
| #define HAVE_INTMAX_T 1
| #define HAVE_POSIX_PRINTF 1
| #define HAVE_ALLOCA_H 1
| #define HAVE_ALLOCA 1
| #define HAVE_STDLIB_H 1
| #define HAVE_UNISTD_H 1
| #define HAVE_SYS_PARAM_H 1
| #define HAVE_GETPAGESIZE 1
| #define HAVE_MMAP 1
| #define INTDIV0_RAISES_SIGFPE 1
| #define HAVE_UNSIGNED_LONG_LONG 1
| #define HAVE_UINTMAX_T 1
| #define HAVE_INTTYPES_H 1
| #define HAVE_STDINT_H 1
| #define HAVE_STDINT_H 1
| #define HAVE_LIMITS_H 1
| #define HAVE_LOCALE_H 1
| #define HAVE_NL_TYPES_H 1
| #define HAVE_MALLOC_H 1
| #define HAVE_STDDEF_H 1
| #define HAVE_STDLIB_H 1
| #define HAVE_STRING_H 1
| #define HAVE_UNISTD_H 1
| #define HAVE_SYS_PARAM_H 1
| #define HAVE_ASPRINTF 1
| #define HAVE_FWPRINTF 1
| #define HAVE_GETCWD 1
| #define HAVE_GETEGID 1
| #define HAVE_GETEUID 1
| #define HAVE_GETGID 1
| #define HAVE_GETUID 1
| #define HAVE_MEMPCPY 1
| #define HAVE_MUNMAP 1
| #define HAVE_PUTENV 1
| #define HAVE_SETENV 1
| #define HAVE_SETLOCALE 1
| #define HAVE_SNPRINTF 1
| #define HAVE_STPCPY 1
| #define HAVE_STRCASECMP 1
| #define HAVE_STRDUP 1
| #define HAVE_STRTOUL 1
| #define HAVE_TSEARCH 1
| #define HAVE_WCSLEN 1
| #define HAVE___FSETLOCKING 1
| /* end confdefs.h.  */
| #include <stdio.h>
| int
| main ()
| {
| 
| #ifndef _snprintf
|   char *p = (char *) _snprintf;
| #endif
| 
|   ;
|   return 0;
| }
configure:8629: result: no
configure:8643: checking whether _snwprintf is declared
configure:8663: gcc -c -g -O2  conftest.c >&5
conftest.c: In function 'main':
conftest.c:78:22: error: '_snwprintf' undeclared (first use in this function); did you mean 'vsnprintf'?
   78 |   char *p = (char *) _snwprintf;
      |                      ^~~~~~~~~~
      |                      vsnprintf
conftest.c:78:22: note: each undeclared identifier is reported only once for each function it appears in
configure:8663: $? = 1
configure: failed program was:
| /* confdefs.h */
| #define PACKAGE_NAME "GNU MDK"
| #define PACKAGE_TARNAME "mdk"
| #define PACKAGE_VERSION "1.3.0"
| #define PACKAGE_STRING "GNU MDK 1.3.0"
| #define PACKAGE_BUGREPORT "bug-mdk@gnu.org"
| #define PACKAGE_URL "http://www.gnu.org/software/mdk/"
| #define PACKAGE "mdk"
| #define VERSION "1.3.0"
| #define STDC_HEADERS 1
| #define HAVE_SYS_TYPES_H 1
| #define HAVE_SYS_STAT_H 1
| #define HAVE_STDLIB_H 1
| #define HAVE_STRING_H 1
| #define HAVE_MEMORY_H 1
| #define HAVE_STRINGS_H 1
| #define HAVE_INTTYPES_H 1
| #define HAVE_STDINT_H 1
| #define HAVE_UNISTD_H 1
| #define HAVE_LONG_LONG 1
| #define HAVE_LONG_DOUBLE 1
| #define HAVE_WCHAR_T 1
| #define HAVE_WINT_T 1
| #define HAVE_INTTYPES_H_WITH_UINTMAX 1
| #define HAVE_STDINT_H_WITH_UINTMAX 1
| #define HAVE_INTMAX_T 1
| #define HAVE_POSIX_PRINTF 1
| #define HAVE_ALLOCA_H 1
| #define HAVE_ALLOCA 1
| #define HAVE_STDLIB_H 1
| #define HAVE_UNISTD_H 1
| #define HAVE_SYS_PARAM_H 1
| #define HAVE_GETPAGESIZE 1
| #define HAVE_MMAP 1
| #define INTDIV0_RAISES_SIGFPE 1
| #define HAVE_UNSIGNED_LONG_LONG 1
| #define HAVE_UINTMAX_T 1
| #define HAVE_INTTYPES_H 1
| #define HAVE_STDINT_H 1
| #define HAVE_STDINT_H 1
| #define HAVE_LIMITS_H 1
| #define HAVE_LOCALE_H 1
| #define HAVE_NL_TYPES_H 1
| #define HAVE_MALLOC_H 1
| #define HAVE_STDDEF_H 1
| #define HAVE_STDLIB_H 1
| #define HAVE_STRING_H 1
| #define HAVE_UNISTD_H 1
| #define HAVE_SYS_PARAM_H 1
| #define HAVE_ASPRINTF 1
| #define HAVE_FWPRINTF 1
| #define HAVE_GETCWD 1
| #define HAVE_GETEGID 1
| #define HAVE_GETEUID 1
| #define HAVE_GETGID 1
| #define HAVE_GETUID 1
| #define HAVE_MEMPCPY 1
| #define HAVE_MUNMAP 1
| #define HAVE_PUTENV 1
| #define HAVE_SETENV 1
| #define HAVE_SETLOCALE 1
| #define HAVE_SNPRINTF 1
| #define HAVE_STPCPY 1
| #define HAVE_STRCASECMP 1
| #define HAVE_STRDUP 1
| #define HAVE_STRTOUL 1
| #define HAVE_TSEARCH 1
| #define HAVE_WCSLEN 1
| #define HAVE___FSETLOCKING 1
| #define HAVE_DECL__SNPRINTF 0
| /* end confdefs.h.  */
| #include <stdio.h>
| int
| main ()
| {
| 
| #ifndef _snwprintf
|   char *p = (char *) _snwprintf;
| #endif
| 
|   ;
|   return 0;
| }
configure:8670: result: no
configure:8685: checking whether feof_unlocked is declared
configure:8705: gcc -c -g -O2  conftest.c >&5
configure:8705: $? = 0
configure:8712: result: yes
configure:8726: checking whether fgets_unlocked is declared
configure:8746: gcc -c -g -O2  conftest.c >&5
conftest.c: In function 'main':
conftest.c:80:22: error: 'fgets_unlocked' undeclared (first use in this function); did you mean 'fgetc_unlocked'?
   80 |   char *p = (char *) fgets_unlocked;
      |                      ^~~~~~~~~~~~~~
      |                      fgetc_unlocked
conftest.c:80:22: note: each undeclared identifier is reported only once for each function it appears in
configure:8746: $? = 1
configure: failed program was:
| /* confdefs.h */
| #define PACKAGE_NAME "GNU MDK"
| #define PACKAGE_TARNAME "mdk"
| #define PACKAGE_VERSION "1.3.0"
| #define PACKAGE_STRING "GNU MDK 1.3.0"
| #define PACKAGE_BUGREPORT "bug-mdk@gnu.org"
| #define PACKAGE_URL "http://www.gnu.org/software/mdk/"
| #define PACKAGE "mdk"
| #define VERSION "1.3.0"
| #define STDC_HEADERS 1
| #define HAVE_SYS_TYPES_H 1
| #define HAVE_SYS_STAT_H 1
| #define HAVE_STDLIB_H 1
| #define HAVE_STRING_H 1
| #define HAVE_MEMORY_H 1
| #define HAVE_STRINGS_H 1
| #define HAVE_INTTYPES_H 1
| #define HAVE_STDINT_H 1
| #define HAVE_UNISTD_H 1
| #define HAVE_LONG_LONG 1
| #define HAVE_LONG_DOUBLE 1
| #define HAVE_WCHAR_T 1
| #define HAVE_WINT_T 1
| #define HAVE_INTTYPES_H_WITH_UINTMAX 1
| #define HAVE_STDINT_H_WITH_UINTMAX 1
| #define HAVE_INTMAX_T 1
| #define HAVE_POSIX_PRINTF 1
| #define HAVE_ALLOCA_H 1
| #define HAVE_ALLOCA 1
| #define HAVE_STDLIB_H 1
| #define HAVE_UNISTD_H 1
| #define HAVE_SYS_PARAM_H 1
| #define HAVE_GETPAGESIZE 1
| #define HAVE_MMAP 1
| #define INTDIV0_RAISES_SIGFPE 1
| #define HAVE_UNSIGNED_LONG_LONG 1
| #define HAVE_UINTMAX_T 1
| #define HAVE_INTTYPES_H 1
| #define HAVE_STDINT_H 1
| #define HAVE_STDINT_H 1
| #define HAVE_LIMITS_H 1
| #define HAVE_LOCALE_H 1
| #define HAVE_NL_TYPES_H 1
| #define HAVE_MALLOC_H 1
| #define HAVE_STDDEF_H 1
| #define HAVE_STDLIB_H 1
| #define HAVE_STRING_H 1
| #define HAVE_UNISTD_H 1
| #define HAVE_SYS_PARAM_H 1
| #define HAVE_ASPRINTF 1
| #define HAVE_FWPRINTF 1
| #define HAVE_GETCWD 1
| #define HAVE_GETEGID 1
| #define HAVE_GETEUID 1
| #define HAVE_GETGID 1
| #define HAVE_GETUID 1
| #define HAVE_MEMPCPY 1
| #define HAVE_MUNMAP 1
| #define HAVE_PUTENV 1
| #define HAVE_SETENV 1
| #define HAVE_SETLOCALE 1
| #define HAVE_SNPRINTF 1
| #define HAVE_STPCPY 1
| #define HAVE_STRCASECMP 1
| #define HAVE_STRDUP 1
| #define HAVE_STRTOUL 1
| #define HAVE_TSEARCH 1
| #define HAVE_WCSLEN 1
| #define HAVE___FSETLOCKING 1
| #define HAVE_DECL__SNPRINTF 0
| #define HAVE_DECL__SNWPRINTF 0
| #define HAVE_DECL_FEOF_UNLOCKED 1
| /* end confdefs.h.  */
| #include <stdio.h>
| int
| main ()
| {
| 
| #ifndef fgets_unlocked
|   char *p = (char *) fgets_unlocked;
| #endif
| 
|   ;
|   return 0;
| }
configure:8753: result: no
configure:8767: checking whether getc_unlocked is declared
configure:8787: gcc -c -g -O2  conftest.c >&5
configure:8787: $? = 0
configure:8794: result: yes
configure:8862: checking for iconv
configure:8884: gcc -o conftest -g -O2   conftest.c  >&5
configure:8884: $? = 0
configure:8916: result: yes
configure:8937: checking for iconv declaration
configure:8966: gcc -c -g -O2  conftest.c >&5
configure:8966: $? = 0
configure:8976: result: 
         extern size_t iconv (iconv_t cd, char * *inbuf, size_t *inbytesleft, char * *outbuf, size_t *outbytesleft);
configure:8988: checking for nl_langinfo and CODESET
configure:9004: gcc -o conftest -g -O2   conftest.c  >&5
configure:9004: $? = 0
configure:9013: result: yes
configure:9023: checking for LC_MESSAGES
configure:9039: gcc -o conftest -g -O2   conftest.c  >&5
configure:9039: $? = 0
configure:9047: result: yes
configure:9061: checking for bison
configure:9091: result: no
configure:9133: checking whether NLS is requested
configure:9142: result: yes
configure:9158: checking whether included gettext is requested
configure:9168: result: no
configure:9179: checking for GNU gettext in libc
configure:9198: gcc -o conftest -g -O2   conftest.c  >&5
conftest.c: In function 'main':
conftest.c:87:8: warning: cast from pointer to integer of different size [-Wpointer-to-int-cast]
   87 | return (int) gettext ("") + _nl_msg_cat_cntr + *_nl_domain_bindings
      |        ^
/bin/ld: /tmp/ccHHjokI.o: warning: relocation against `_nl_domain_bindings' in read-only section `.text.startup'
/bin/ld: /tmp/ccHHjokI.o: in function `main':
/home/dante/pr/mdk-1.3.0/conftest.c:87: undefined reference to `_nl_domain_bindings'
/bin/ld: /home/dante/pr/mdk-1.3.0/conftest.c:87: undefined reference to `_nl_msg_cat_cntr'
/bin/ld: warning: creating DT_TEXTREL in a PIE
collect2: error: ld returned 1 exit status
configure:9198: $? = 1
configure: failed program was:
| /* confdefs.h */
| #define PACKAGE_NAME "GNU MDK"
| #define PACKAGE_TARNAME "mdk"
| #define PACKAGE_VERSION "1.3.0"
| #define PACKAGE_STRING "GNU MDK 1.3.0"
| #define PACKAGE_BUGREPORT "bug-mdk@gnu.org"
| #define PACKAGE_URL "http://www.gnu.org/software/mdk/"
| #define PACKAGE "mdk"
| #define VERSION "1.3.0"
| #define STDC_HEADERS 1
| #define HAVE_SYS_TYPES_H 1
| #define HAVE_SYS_STAT_H 1
| #define HAVE_STDLIB_H 1
| #define HAVE_STRING_H 1
| #define HAVE_MEMORY_H 1
| #define HAVE_STRINGS_H 1
| #define HAVE_INTTYPES_H 1
| #define HAVE_STDINT_H 1
| #define HAVE_UNISTD_H 1
| #define HAVE_LONG_LONG 1
| #define HAVE_LONG_DOUBLE 1
| #define HAVE_WCHAR_T 1
| #define HAVE_WINT_T 1
| #define HAVE_INTTYPES_H_WITH_UINTMAX 1
| #define HAVE_STDINT_H_WITH_UINTMAX 1
| #define HAVE_INTMAX_T 1
| #define HAVE_POSIX_PRINTF 1
| #define HAVE_ALLOCA_H 1
| #define HAVE_ALLOCA 1
| #define HAVE_STDLIB_H 1
| #define HAVE_UNISTD_H 1
| #define HAVE_SYS_PARAM_H 1
| #define HAVE_GETPAGESIZE 1
| #define HAVE_MMAP 1
| #define INTDIV0_RAISES_SIGFPE 1
| #define HAVE_UNSIGNED_LONG_LONG 1
| #define HAVE_UINTMAX_T 1
| #define HAVE_INTTYPES_H 1
| #define HAVE_STDINT_H 1
| #define HAVE_STDINT_H 1
| #define HAVE_LIMITS_H 1
| #define HAVE_LOCALE_H 1
| #define HAVE_NL_TYPES_H 1
| #define HAVE_MALLOC_H 1
| #define HAVE_STDDEF_H 1
| #define HAVE_STDLIB_H 1
| #define HAVE_STRING_H 1
| #define HAVE_UNISTD_H 1
| #define HAVE_SYS_PARAM_H 1
| #define HAVE_ASPRINTF 1
| #define HAVE_FWPRINTF 1
| #define HAVE_GETCWD 1
| #define HAVE_GETEGID 1
| #define HAVE_GETEUID 1
| #define HAVE_GETGID 1
| #define HAVE_GETUID 1
| #define HAVE_MEMPCPY 1
| #define HAVE_MUNMAP 1
| #define HAVE_PUTENV 1
| #define HAVE_SETENV 1
| #define HAVE_SETLOCALE 1
| #define HAVE_SNPRINTF 1
| #define HAVE_STPCPY 1
| #define HAVE_STRCASECMP 1
| #define HAVE_STRDUP 1
| #define HAVE_STRTOUL 1
| #define HAVE_TSEARCH 1
| #define HAVE_WCSLEN 1
| #define HAVE___FSETLOCKING 1
| #define HAVE_DECL__SNPRINTF 0
| #define HAVE_DECL__SNWPRINTF 0
| #define HAVE_DECL_FEOF_UNLOCKED 1
| #define HAVE_DECL_FGETS_UNLOCKED 0
| #define HAVE_DECL_GETC_UNLOCKED 1
| #define HAVE_ICONV 1
| #define ICONV_CONST 
| #define HAVE_LANGINFO_CODESET 1
| #define HAVE_LC_MESSAGES 1
| /* end confdefs.h.  */
| #include <libintl.h>
| extern int _nl_msg_cat_cntr;
| extern int *_nl_domain_bindings;
| int
| main ()
| {
| bindtextdomain ("", "");
| return (int) gettext ("") + _nl_msg_cat_cntr + *_nl_domain_bindings
|   ;
|   return 0;
| }
configure:9206: result: no
configure:9589: checking for GNU gettext in libintl
configure:9616: gcc -o conftest -g -O2    conftest.c  -lintl >&5
conftest.c: In function 'main':
conftest.c:91:8: warning: cast from pointer to integer of different size [-Wpointer-to-int-cast]
   91 | return (int) gettext ("") + _nl_msg_cat_cntr + *_nl_expand_alias (0)
      |        ^
configure:9616: $? = 0
configure:9655: result: yes
configure:9700: checking whether to use NLS
configure:9702: result: yes
configure:9705: checking where the gettext function comes from
configure:9716: result: external libintl
configure:9724: checking how to link with libintl
configure:9726: result: -lintl
configure:9815: checking for intltool >= 0.37
configure:9817: result: 0.51.0 found
configure:9825: checking for intltool-update
configure:9843: found /bin/intltool-update
configure:9855: result: /bin/intltool-update
configure:9865: checking for intltool-merge
configure:9883: found /bin/intltool-merge
configure:9895: result: /bin/intltool-merge
configure:9905: checking for intltool-extract
configure:9923: found /bin/intltool-extract
configure:9935: result: /bin/intltool-extract
configure:10089: checking for xgettext
configure:10119: result: /bin/xgettext
configure:10129: checking for msgmerge
configure:10159: result: /bin/msgmerge
configure:10169: checking for msgfmt
configure:10199: result: /bin/msgfmt
configure:10209: checking for gmsgfmt
configure:10240: result: /bin/msgfmt
configure:10260: checking for perl
configure:10278: found /bin/perl
configure:10290: result: /bin/perl
configure:10301: checking for perl >= 5.8.1
configure:10308: result: 5.32.1
configure:10359: checking for initscr in -lncurses
configure:10384: gcc -o conftest -g -O2   conftest.c -lncurses   >&5
/bin/ld: cannot find -lncurses
collect2: error: ld returned 1 exit status
configure:10384: $? = 1
configure: failed program was:
| /* confdefs.h */
| #define PACKAGE_NAME "GNU MDK"
| #define PACKAGE_TARNAME "mdk"
| #define PACKAGE_VERSION "1.3.0"
| #define PACKAGE_STRING "GNU MDK 1.3.0"
| #define PACKAGE_BUGREPORT "bug-mdk@gnu.org"
| #define PACKAGE_URL "http://www.gnu.org/software/mdk/"
| #define PACKAGE "mdk"
| #define VERSION "1.3.0"
| #define STDC_HEADERS 1
| #define HAVE_SYS_TYPES_H 1
| #define HAVE_SYS_STAT_H 1
| #define HAVE_STDLIB_H 1
| #define HAVE_STRING_H 1
| #define HAVE_MEMORY_H 1
| #define HAVE_STRINGS_H 1
| #define HAVE_INTTYPES_H 1
| #define HAVE_STDINT_H 1
| #define HAVE_UNISTD_H 1
| #define HAVE_LONG_LONG 1
| #define HAVE_LONG_DOUBLE 1
| #define HAVE_WCHAR_T 1
| #define HAVE_WINT_T 1
| #define HAVE_INTTYPES_H_WITH_UINTMAX 1
| #define HAVE_STDINT_H_WITH_UINTMAX 1
| #define HAVE_INTMAX_T 1
| #define HAVE_POSIX_PRINTF 1
| #define HAVE_ALLOCA_H 1
| #define HAVE_ALLOCA 1
| #define HAVE_STDLIB_H 1
| #define HAVE_UNISTD_H 1
| #define HAVE_SYS_PARAM_H 1
| #define HAVE_GETPAGESIZE 1
| #define HAVE_MMAP 1
| #define INTDIV0_RAISES_SIGFPE 1
| #define HAVE_UNSIGNED_LONG_LONG 1
| #define HAVE_UINTMAX_T 1
| #define HAVE_INTTYPES_H 1
| #define HAVE_STDINT_H 1
| #define HAVE_STDINT_H 1
| #define HAVE_LIMITS_H 1
| #define HAVE_LOCALE_H 1
| #define HAVE_NL_TYPES_H 1
| #define HAVE_MALLOC_H 1
| #define HAVE_STDDEF_H 1
| #define HAVE_STDLIB_H 1
| #define HAVE_STRING_H 1
| #define HAVE_UNISTD_H 1
| #define HAVE_SYS_PARAM_H 1
| #define HAVE_ASPRINTF 1
| #define HAVE_FWPRINTF 1
| #define HAVE_GETCWD 1
| #define HAVE_GETEGID 1
| #define HAVE_GETEUID 1
| #define HAVE_GETGID 1
| #define HAVE_GETUID 1
| #define HAVE_MEMPCPY 1
| #define HAVE_MUNMAP 1
| #define HAVE_PUTENV 1
| #define HAVE_SETENV 1
| #define HAVE_SETLOCALE 1
| #define HAVE_SNPRINTF 1
| #define HAVE_STPCPY 1
| #define HAVE_STRCASECMP 1
| #define HAVE_STRDUP 1
| #define HAVE_STRTOUL 1
| #define HAVE_TSEARCH 1
| #define HAVE_WCSLEN 1
| #define HAVE___FSETLOCKING 1
| #define HAVE_DECL__SNPRINTF 0
| #define HAVE_DECL__SNWPRINTF 0
| #define HAVE_DECL_FEOF_UNLOCKED 1
| #define HAVE_DECL_FGETS_UNLOCKED 0
| #define HAVE_DECL_GETC_UNLOCKED 1
| #define HAVE_ICONV 1
| #define ICONV_CONST 
| #define HAVE_LANGINFO_CODESET 1
| #define HAVE_LC_MESSAGES 1
| #define ENABLE_NLS 1
| #define HAVE_GETTEXT 1
| #define HAVE_DCGETTEXT 1
| #define GETTEXT_PACKAGE "mdk"
| #define LOCALEDIR "/usr/local/share/locale"
| /* end confdefs.h.  */
| 
| /* Override any GCC internal prototype to avoid an error.
|    Use char because int might match the return type of a GCC
|    builtin and then its argument prototype would still apply.  */
| #ifdef __cplusplus
| extern "C"
| #endif
| char initscr ();
| int
| main ()
| {
| return initscr ();
|   ;
|   return 0;
| }
configure:10393: result: no
configure:10403: WARNING: Cannot find ncurses lib
configure:10576: checking for pkg-config
configure:10594: found /bin/pkg-config
configure:10606: result: /bin/pkg-config
configure:10631: checking pkg-config is at least version 0.9.0
configure:10634: result: yes
configure:10644: checking for glib-2.0 >= 2.0
configure:10651: $PKG_CONFIG --exists --print-errors "glib-2.0 >= 2.0"
configure:10654: $? = 0
configure:10668: $PKG_CONFIG --exists --print-errors "glib-2.0 >= 2.0"
configure:10671: $? = 0
configure:10729: result: yes
configure:10750: checking for guile-3.0 >= 3.0
configure:10757: $PKG_CONFIG --exists --print-errors "guile-3.0 >= 3.0"
Package guile-3.0 was not found in the pkg-config search path.
Perhaps you should add the directory containing `guile-3.0.pc'
to the PKG_CONFIG_PATH environment variable
No package 'guile-3.0' found
configure:10760: $? = 1
configure:10774: $PKG_CONFIG --exists --print-errors "guile-3.0 >= 3.0"
Package guile-3.0 was not found in the pkg-config search path.
Perhaps you should add the directory containing `guile-3.0.pc'
to the PKG_CONFIG_PATH environment variable
No package 'guile-3.0' found
configure:10777: $? = 1
configure:10791: result: no
No package 'guile-3.0' found
configure:10822: checking for guile-2.2 >= 2.2
configure:10829: $PKG_CONFIG --exists --print-errors "guile-2.2 >= 2.2"
Package guile-2.2 was not found in the pkg-config search path.
Perhaps you should add the directory containing `guile-2.2.pc'
to the PKG_CONFIG_PATH environment variable
No package 'guile-2.2' found
configure:10832: $? = 1
configure:10846: $PKG_CONFIG --exists --print-errors "guile-2.2 >= 2.2"
Package guile-2.2 was not found in the pkg-config search path.
Perhaps you should add the directory containing `guile-2.2.pc'
to the PKG_CONFIG_PATH environment variable
No package 'guile-2.2' found
configure:10849: $? = 1
configure:10863: result: no
No package 'guile-2.2' found
configure:10894: checking for guile-2.0 >= 2.0
configure:10901: $PKG_CONFIG --exists --print-errors "guile-2.0 >= 2.0"
Package guile-2.0 was not found in the pkg-config search path.
Perhaps you should add the directory containing `guile-2.0.pc'
to the PKG_CONFIG_PATH environment variable
No package 'guile-2.0' found
configure:10904: $? = 1
configure:10918: $PKG_CONFIG --exists --print-errors "guile-2.0 >= 2.0"
Package guile-2.0 was not found in the pkg-config search path.
Perhaps you should add the directory containing `guile-2.0.pc'
to the PKG_CONFIG_PATH environment variable
No package 'guile-2.0' found
configure:10921: $? = 1
configure:10935: result: no
No package 'guile-2.0' found
configure:11000: checking for gtk+-3.0 >= 3.14 pango >= 1.4
configure:11007: $PKG_CONFIG --exists --print-errors "gtk+-3.0 >= 3.14 pango >= 1.4"
configure:11010: $? = 0
configure:11024: $PKG_CONFIG --exists --print-errors "gtk+-3.0 >= 3.14 pango >= 1.4"
configure:11027: $? = 0
configure:11069: result: yes
configure:11101: checking for getopt_long
configure:11101: gcc -o conftest -g -O2   conftest.c  -L/usr/lib64 -lglib-2.0 -L/usr/lib64 -lgtk-3 -lgdk-3 -lpangocairo-1.0 -latk-1.0 -lcairo-gobject -lcairo -lgdk_pixbuf-2.0 -lgio-2.0 -lpango-1.0 -lgobject-2.0 -lglib-2.0 -lharfbuzz >&5
configure:11101: $? = 0
configure:11101: result: yes
configure:11229: checking that generated files are newer than configure
configure:11235: result: done
configure:11286: creating ./config.status

## ---------------------- ##
## Running config.status. ##
## ---------------------- ##

This file was extended by GNU MDK config.status 1.3.0, which was
generated by GNU Autoconf 2.69.  Invocation command line was

  CONFIG_FILES    = 
  CONFIG_HEADERS  = 
  CONFIG_LINKS    = 
  CONFIG_COMMANDS = 
  $ ./config.status 

on void

config.status:1062: creating Makefile
config.status:1062: creating doc/Makefile
config.status:1062: creating doc/img/Makefile
config.status:1062: creating mixlib/Makefile
config.status:1062: creating mixlib/testsuite/Makefile
config.status:1062: creating mixguile/Makefile
config.status:1062: creating mixutils/Makefile
config.status:1062: creating mixgtk/Makefile
config.status:1062: creating lib/Makefile
config.status:1062: creating misc/Makefile
config.status:1062: creating samples/Makefile
config.status:1062: creating samples/tests/Makefile
config.status:1062: creating po/Makefile.in
config.status:1062: creating intl/Makefile
config.status:1170: WARNING:  'intl/Makefile.in' seems to ignore the --datarootdir setting
config.status:1062: creating config.h
config.status:1291: executing depfiles commands
config.status:1366: cd mixlib       && sed -e '/# am--include-marker/d' Makefile         | make -f - am--depfiles
config.status:1373: $? = 0
config.status:1366: cd mixlib/testsuite       && sed -e '/# am--include-marker/d' Makefile         | make -f - am--depfiles
config.status:1373: $? = 0
config.status:1366: cd mixguile       && sed -e '/# am--include-marker/d' Makefile         | make -f - am--depfiles
config.status:1373: $? = 0
config.status:1366: cd mixutils       && sed -e '/# am--include-marker/d' Makefile         | make -f - am--depfiles
config.status:1373: $? = 0
config.status:1366: cd mixgtk       && sed -e '/# am--include-marker/d' Makefile         | make -f - am--depfiles
config.status:1373: $? = 0
config.status:1366: cd lib       && sed -e '/# am--include-marker/d' Makefile         | make -f - am--depfiles
config.status:1373: $? = 0
config.status:1291: executing default-1 commands
config.status:1291: executing po/stamp-it commands

## ---------------- ##
## Cache variables. ##
## ---------------- ##

ac_cv_build='x86_64-pc-linux-musl'
ac_cv_c_compiler_gnu='yes'
ac_cv_c_const='yes'
ac_cv_c_inline='inline'
ac_cv_env_CC_set=''
ac_cv_env_CC_value=''
ac_cv_env_CFLAGS_set=''
ac_cv_env_CFLAGS_value=''
ac_cv_env_CPPFLAGS_set=''
ac_cv_env_CPPFLAGS_value=''
ac_cv_env_CPP_set=''
ac_cv_env_CPP_value=''
ac_cv_env_GLIB_CFLAGS_set=''
ac_cv_env_GLIB_CFLAGS_value=''
ac_cv_env_GLIB_LIBS_set=''
ac_cv_env_GLIB_LIBS_value=''
ac_cv_env_GTK_CFLAGS_set=''
ac_cv_env_GTK_CFLAGS_value=''
ac_cv_env_GTK_LIBS_set=''
ac_cv_env_GTK_LIBS_value=''
ac_cv_env_GUILE_CFLAGS_set=''
ac_cv_env_GUILE_CFLAGS_value=''
ac_cv_env_GUILE_LIBS_set=''
ac_cv_env_GUILE_LIBS_value=''
ac_cv_env_LDFLAGS_set=''
ac_cv_env_LDFLAGS_value=''
ac_cv_env_LIBS_set=''
ac_cv_env_LIBS_value=''
ac_cv_env_PKG_CONFIG_LIBDIR_set=''
ac_cv_env_PKG_CONFIG_LIBDIR_value=''
ac_cv_env_PKG_CONFIG_PATH_set=''
ac_cv_env_PKG_CONFIG_PATH_value=''
ac_cv_env_PKG_CONFIG_set=''
ac_cv_env_PKG_CONFIG_value=''
ac_cv_env_build_alias_set=''
ac_cv_env_build_alias_value=''
ac_cv_env_host_alias_set=''
ac_cv_env_host_alias_value=''
ac_cv_env_target_alias_set=''
ac_cv_env_target_alias_value=''
ac_cv_func___argz_count='no'
ac_cv_func___argz_next='no'
ac_cv_func___argz_stringify='no'
ac_cv_func___fsetlocking='yes'
ac_cv_func_alloca_works='yes'
ac_cv_func_asprintf='yes'
ac_cv_func_fwprintf='yes'
ac_cv_func_getcwd='yes'
ac_cv_func_getegid='yes'
ac_cv_func_geteuid='yes'
ac_cv_func_getgid='yes'
ac_cv_func_getopt_long='yes'
ac_cv_func_getpagesize='yes'
ac_cv_func_getuid='yes'
ac_cv_func_mempcpy='yes'
ac_cv_func_mmap_fixed_mapped='yes'
ac_cv_func_munmap='yes'
ac_cv_func_putenv='yes'
ac_cv_func_setenv='yes'
ac_cv_func_setlocale='yes'
ac_cv_func_snprintf='yes'
ac_cv_func_stpcpy='yes'
ac_cv_func_strcasecmp='yes'
ac_cv_func_strdup='yes'
ac_cv_func_strtoul='yes'
ac_cv_func_tsearch='yes'
ac_cv_func_wcslen='yes'
ac_cv_gnu_library_2_1='no'
ac_cv_have_decl__snprintf='no'
ac_cv_have_decl__snwprintf='no'
ac_cv_have_decl_feof_unlocked='yes'
ac_cv_have_decl_fgets_unlocked='no'
ac_cv_have_decl_getc_unlocked='yes'
ac_cv_header_argz_h='no'
ac_cv_header_inttypes_h='yes'
ac_cv_header_limits_h='yes'
ac_cv_header_locale_h='yes'
ac_cv_header_malloc_h='yes'
ac_cv_header_memory_h='yes'
ac_cv_header_nl_types_h='yes'
ac_cv_header_stdc='yes'
ac_cv_header_stddef_h='yes'
ac_cv_header_stdint_h='yes'
ac_cv_header_stdlib_h='yes'
ac_cv_header_string_h='yes'
ac_cv_header_strings_h='yes'
ac_cv_header_sys_param_h='yes'
ac_cv_header_sys_stat_h='yes'
ac_cv_header_sys_types_h='yes'
ac_cv_header_unistd_h='yes'
ac_cv_host='x86_64-pc-linux-musl'
ac_cv_lib_cposix_strerror='no'
ac_cv_lib_ncurses_initscr='no'
ac_cv_objext='o'
ac_cv_path_EGREP='/bin/grep -E'
ac_cv_path_GMSGFMT='/bin/msgfmt'
ac_cv_path_GREP='/bin/grep'
ac_cv_path_INTLTOOL_EXTRACT='/bin/intltool-extract'
ac_cv_path_INTLTOOL_MERGE='/bin/intltool-merge'
ac_cv_path_INTLTOOL_PERL='/bin/perl'
ac_cv_path_INTLTOOL_UPDATE='/bin/intltool-update'
ac_cv_path_MSGFMT='/bin/msgfmt'
ac_cv_path_MSGMERGE='/bin/msgmerge'
ac_cv_path_XGETTEXT='/bin/xgettext'
ac_cv_path_ac_pt_PKG_CONFIG='/bin/pkg-config'
ac_cv_path_install='/bin/install -c'
ac_cv_path_mkdir='/bin/mkdir'
ac_cv_prog_AWK='gawk'
ac_cv_prog_CPP='gcc -E'
ac_cv_prog_ac_ct_CC='gcc'
ac_cv_prog_ac_ct_RANLIB='ranlib'
ac_cv_prog_cc_c89=''
ac_cv_prog_cc_g='yes'
ac_cv_prog_make_make_set='yes'
ac_cv_type_long_long='yes'
ac_cv_type_off_t='yes'
ac_cv_type_ptrdiff_t='yes'
ac_cv_type_size_t='yes'
ac_cv_type_unsigned_long_long='yes'
ac_cv_working_alloca_h='yes'
acl_cv_hardcode_direct='no'
acl_cv_hardcode_libdir_flag_spec='${wl}-rpath ${wl}$libdir'
acl_cv_hardcode_libdir_separator=''
acl_cv_hardcode_minus_L='no'
acl_cv_libext='a'
acl_cv_path_LD='/bin/ld'
acl_cv_prog_gnu_ld='yes'
acl_cv_rpath='done'
acl_cv_shlibext='so'
acl_cv_wl='-Wl,'
am_cv_CC_dependencies_compiler_type='gcc3'
am_cv_func_iconv='yes'
am_cv_langinfo_codeset='yes'
am_cv_lib_iconv='no'
am_cv_make_support_nested_variables='yes'
am_cv_prog_cc_c_o='yes'
am_cv_prog_cc_stdc=''
am_cv_proto_iconv='extern size_t iconv (iconv_t cd, char * *inbuf, size_t *inbytesleft, char * *outbuf, size_t *outbytesleft);'
am_cv_proto_iconv_arg1=''
am_cv_val_LC_MESSAGES='yes'
bh_cv_c_signed='yes'
gt_cv_c_intmax_t='yes'
gt_cv_c_long_double='yes'
gt_cv_c_wchar_t='yes'
gt_cv_c_wint_t='yes'
gt_cv_func_gnugettext1_libc='no'
gt_cv_func_gnugettext1_libintl='yes'
gt_cv_func_printf_posix='yes'
gt_cv_header_inttypes_h='yes'
gt_cv_int_divbyzero_sigfpe='yes'
gt_cv_inttypes_pri_broken='no'
jm_ac_cv_header_inttypes_h='yes'
jm_ac_cv_header_stdint_h='yes'
nls_cv_force_use_gnu_gettext='no'
nls_cv_header_intl=''
nls_cv_header_libgt=''
nls_cv_use_gnu_gettext='no'
pkg_cv_GLIB_CFLAGS='-I/usr/include/glib-2.0 -I/usr/lib64/glib-2.0/include'
pkg_cv_GLIB_LIBS='-L/usr/lib64 -lglib-2.0'
pkg_cv_GTK_CFLAGS='-pthread -I/usr/include/gtk-3.0 -I/usr/include/at-spi2-atk/2.0 -I/usr/include/at-spi-2.0 -I/usr/include/dbus-1.0 -I/usr/lib/dbus-1.0/include -I/usr/include/gtk-3.0 -I/usr/include/gio-unix-2.0 -I/usr/include/cairo -I/usr/include/pango-1.0 -I/usr/include/atk-1.0 -I/usr/include/cairo -I/usr/include/gdk-pixbuf-2.0 -I/usr/include/pango-1.0 -I/usr/include/libmount -I/usr/include/blkid -I/usr/include/fribidi -I/usr/include/cairo -I/usr/include/pixman-1 -I/usr/include/uuid -I/usr/include/harfbuzz -I/usr/include/freetype2 -I/usr/include/libpng16 -I/usr/include/glib-2.0 -I/usr/lib64/glib-2.0/include'
pkg_cv_GTK_LIBS='-L/usr/lib64 -lgtk-3 -lgdk-3 -lpangocairo-1.0 -latk-1.0 -lcairo-gobject -lcairo -lgdk_pixbuf-2.0 -lgio-2.0 -lpango-1.0 -lgobject-2.0 -lglib-2.0 -lharfbuzz'

## ----------------- ##
## Output variables. ##
## ----------------- ##

ACLOCAL='${SHELL} /home/dante/pr/mdk-1.3.0/missing aclocal-1.16'
ALLOCA=''
ALL_LINGUAS=''
AMDEPBACKSLASH='\'
AMDEP_FALSE='#'
AMDEP_TRUE=''
AMTAR='$${TAR-tar}'
AM_BACKSLASH='\'
AM_CFLAGS=' -Wall -fno-strict-aliasing -I/usr/include/glib-2.0 -I/usr/lib64/glib-2.0/include -DG_DISABLE_DEPRECATED -pthread -I/usr/include/gtk-3.0 -I/usr/include/at-spi2-atk/2.0 -I/usr/include/at-spi-2.0 -I/usr/include/dbus-1.0 -I/usr/lib/dbus-1.0/include -I/usr/include/gtk-3.0 -I/usr/include/gio-unix-2.0 -I/usr/include/cairo -I/usr/include/pango-1.0 -I/usr/include/atk-1.0 -I/usr/include/cairo -I/usr/include/gdk-pixbuf-2.0 -I/usr/include/pango-1.0 -I/usr/include/libmount -I/usr/include/blkid -I/usr/include/fribidi -I/usr/include/cairo -I/usr/include/pixman-1 -I/usr/include/uuid -I/usr/include/harfbuzz -I/usr/include/freetype2 -I/usr/include/libpng16 -I/usr/include/glib-2.0 -I/usr/lib64/glib-2.0/include -DGTK_DISABLE_DEPRECATED -DGDK_DISABLE_DEPRECATED'
AM_DEFAULT_V='$(AM_DEFAULT_VERBOSITY)'
AM_DEFAULT_VERBOSITY='1'
AM_V='$(V)'
AUTOCONF='${SHELL} /home/dante/pr/mdk-1.3.0/missing autoconf'
AUTOHEADER='${SHELL} /home/dante/pr/mdk-1.3.0/missing autoheader'
AUTOMAKE='${SHELL} /home/dante/pr/mdk-1.3.0/missing automake-1.16'
AWK='gawk'
BUILD_INCLUDED_LIBINTL='no'
CATOBJEXT='.gmo'
CC='gcc'
CCDEPMODE='depmode=gcc3'
CFLAGS='-g -O2'
CPP='gcc -E'
CPPFLAGS=''
CYGPATH_W='echo'
DARWIN_SYSTEM_FALSE=''
DARWIN_SYSTEM_TRUE='#'
DATADIRNAME='share'
DEFS='-DHAVE_CONFIG_H'
DEPDIR='.deps'
ECHO_C=''
ECHO_N='-n'
ECHO_T=''
EGREP='/bin/grep -E'
EXEEXT=''
GENCAT='gencat'
GETTEXT_PACKAGE='mdk'
GLIBC21='no'
GLIB_CFLAGS='-I/usr/include/glib-2.0 -I/usr/lib64/glib-2.0/include'
GLIB_LIBS='-L/usr/lib64 -lglib-2.0'
GMSGFMT='/bin/msgfmt'
GREP='/bin/grep'
GTK_CFLAGS='-pthread -I/usr/include/gtk-3.0 -I/usr/include/at-spi2-atk/2.0 -I/usr/include/at-spi-2.0 -I/usr/include/dbus-1.0 -I/usr/lib/dbus-1.0/include -I/usr/include/gtk-3.0 -I/usr/include/gio-unix-2.0 -I/usr/include/cairo -I/usr/include/pango-1.0 -I/usr/include/atk-1.0 -I/usr/include/cairo -I/usr/include/gdk-pixbuf-2.0 -I/usr/include/pango-1.0 -I/usr/include/libmount -I/usr/include/blkid -I/usr/include/fribidi -I/usr/include/cairo -I/usr/include/pixman-1 -I/usr/include/uuid -I/usr/include/harfbuzz -I/usr/include/freetype2 -I/usr/include/libpng16 -I/usr/include/glib-2.0 -I/usr/lib64/glib-2.0/include'
GTK_LIBS='-L/usr/lib64 -lgtk-3 -lgdk-3 -lpangocairo-1.0 -latk-1.0 -lcairo-gobject -lcairo -lgdk_pixbuf-2.0 -lgio-2.0 -lpango-1.0 -lgobject-2.0 -lglib-2.0 -lharfbuzz'
GUILE_CFLAGS=''
GUILE_LIBS=''
HAVE_ASPRINTF='1'
HAVE_POSIX_PRINTF='1'
HAVE_SNPRINTF='1'
HAVE_WPRINTF='0'
INSTALL_DATA='${INSTALL} -m 644'
INSTALL_PROGRAM='${INSTALL}'
INSTALL_SCRIPT='${INSTALL}'
INSTALL_STRIP_PROGRAM='$(install_sh) -c -s'
INSTOBJEXT='.mo'
INTLBISON=':'
INTLLIBS='-lintl'
INTLOBJS=''
INTLTOOL_CAVES_RULE='%.caves:     %.caves.in     $(INTLTOOL_MERGE) $(wildcard $(top_srcdir)/po/*.po) ; $(INTLTOOL_V_MERGE)LC_ALL=C $(INTLTOOL_MERGE) $(INTLTOOL_V_MERGE_OPTIONS) -d -u -c $(top_builddir)/po/.intltool-merge-cache $(top_srcdir)/po $< $@'
INTLTOOL_DESKTOP_RULE='%.desktop:   %.desktop.in   $(INTLTOOL_MERGE) $(wildcard $(top_srcdir)/po/*.po) ; $(INTLTOOL_V_MERGE)LC_ALL=C $(INTLTOOL_MERGE) $(INTLTOOL_V_MERGE_OPTIONS) -d -u -c $(top_builddir)/po/.intltool-merge-cache $(top_srcdir)/po $< $@'
INTLTOOL_DIRECTORY_RULE='%.directory: %.directory.in $(INTLTOOL_MERGE) $(wildcard $(top_srcdir)/po/*.po) ; $(INTLTOOL_V_MERGE)LC_ALL=C $(INTLTOOL_MERGE) $(INTLTOOL_V_MERGE_OPTIONS) -d -u -c $(top_builddir)/po/.intltool-merge-cache $(top_srcdir)/po $< $@'
INTLTOOL_EXTRACT='/bin/intltool-extract'
INTLTOOL_KBD_RULE='%.kbd:       %.kbd.in       $(INTLTOOL_MERGE) $(wildcard $(top_srcdir)/po/*.po) ; $(INTLTOOL_V_MERGE)LC_ALL=C $(INTLTOOL_MERGE) $(INTLTOOL_V_MERGE_OPTIONS) -x -u -m -c $(top_builddir)/po/.intltool-merge-cache $(top_srcdir)/po $< $@'
INTLTOOL_KEYS_RULE='%.keys:      %.keys.in      $(INTLTOOL_MERGE) $(wildcard $(top_srcdir)/po/*.po) ; $(INTLTOOL_V_MERGE)LC_ALL=C $(INTLTOOL_MERGE) $(INTLTOOL_V_MERGE_OPTIONS) -k -u -c $(top_builddir)/po/.intltool-merge-cache $(top_srcdir)/po $< $@'
INTLTOOL_MERGE='/bin/intltool-merge'
INTLTOOL_OAF_RULE='%.oaf:       %.oaf.in       $(INTLTOOL_MERGE) $(wildcard $(top_srcdir)/po/*.po) ; $(INTLTOOL_V_MERGE)LC_ALL=C $(INTLTOOL_MERGE) $(INTLTOOL_V_MERGE_OPTIONS) -o -p $(top_srcdir)/po $< $@'
INTLTOOL_PERL='/bin/perl'
INTLTOOL_POLICY_RULE='%.policy:    %.policy.in    $(INTLTOOL_MERGE) $(wildcard $(top_srcdir)/po/*.po) ; $(INTLTOOL_V_MERGE)LC_ALL=C $(INTLTOOL_MERGE) $(INTLTOOL_V_MERGE_OPTIONS) -x -u -c $(top_builddir)/po/.intltool-merge-cache $(top_srcdir)/po $< $@'
INTLTOOL_PONG_RULE='%.pong:      %.pong.in      $(INTLTOOL_MERGE) $(wildcard $(top_srcdir)/po/*.po) ; $(INTLTOOL_V_MERGE)LC_ALL=C $(INTLTOOL_MERGE) $(INTLTOOL_V_MERGE_OPTIONS) -x -u -c $(top_builddir)/po/.intltool-merge-cache $(top_srcdir)/po $< $@'
INTLTOOL_PROP_RULE='%.prop:      %.prop.in      $(INTLTOOL_MERGE) $(wildcard $(top_srcdir)/po/*.po) ; $(INTLTOOL_V_MERGE)LC_ALL=C $(INTLTOOL_MERGE) $(INTLTOOL_V_MERGE_OPTIONS) -d -u -c $(top_builddir)/po/.intltool-merge-cache $(top_srcdir)/po $< $@'
INTLTOOL_SCHEMAS_RULE='%.schemas:   %.schemas.in   $(INTLTOOL_MERGE) $(wildcard $(top_srcdir)/po/*.po) ; $(INTLTOOL_V_MERGE)LC_ALL=C $(INTLTOOL_MERGE) $(INTLTOOL_V_MERGE_OPTIONS) -s -u -c $(top_builddir)/po/.intltool-merge-cache $(top_srcdir)/po $< $@'
INTLTOOL_SERVER_RULE='%.server:    %.server.in    $(INTLTOOL_MERGE) $(wildcard $(top_srcdir)/po/*.po) ; $(INTLTOOL_V_MERGE)LC_ALL=C $(INTLTOOL_MERGE) $(INTLTOOL_V_MERGE_OPTIONS) -o -u -c $(top_builddir)/po/.intltool-merge-cache $(top_srcdir)/po $< $@'
INTLTOOL_SERVICE_RULE='%.service: %.service.in   $(INTLTOOL_MERGE) $(wildcard $(top_srcdir)/po/*.po) ; $(INTLTOOL_V_MERGE)LC_ALL=C $(INTLTOOL_MERGE) $(INTLTOOL_V_MERGE_OPTIONS) -d -u -c $(top_builddir)/po/.intltool-merge-cache $(top_srcdir)/po $< $@'
INTLTOOL_SHEET_RULE='%.sheet:     %.sheet.in     $(INTLTOOL_MERGE) $(wildcard $(top_srcdir)/po/*.po) ; $(INTLTOOL_V_MERGE)LC_ALL=C $(INTLTOOL_MERGE) $(INTLTOOL_V_MERGE_OPTIONS) -x -u -c $(top_builddir)/po/.intltool-merge-cache $(top_srcdir)/po $< $@'
INTLTOOL_SOUNDLIST_RULE='%.soundlist: %.soundlist.in $(INTLTOOL_MERGE) $(wildcard $(top_srcdir)/po/*.po) ; $(INTLTOOL_V_MERGE)LC_ALL=C $(INTLTOOL_MERGE) $(INTLTOOL_V_MERGE_OPTIONS) -d -u -c $(top_builddir)/po/.intltool-merge-cache $(top_srcdir)/po $< $@'
INTLTOOL_THEME_RULE='%.theme:     %.theme.in     $(INTLTOOL_MERGE) $(wildcard $(top_srcdir)/po/*.po) ; $(INTLTOOL_V_MERGE)LC_ALL=C $(INTLTOOL_MERGE) $(INTLTOOL_V_MERGE_OPTIONS) -d -u -c $(top_builddir)/po/.intltool-merge-cache $(top_srcdir)/po $< $@'
INTLTOOL_UI_RULE='%.ui:        %.ui.in        $(INTLTOOL_MERGE) $(wildcard $(top_srcdir)/po/*.po) ; $(INTLTOOL_V_MERGE)LC_ALL=C $(INTLTOOL_MERGE) $(INTLTOOL_V_MERGE_OPTIONS) -x -u -c $(top_builddir)/po/.intltool-merge-cache $(top_srcdir)/po $< $@'
INTLTOOL_UPDATE='/bin/intltool-update'
INTLTOOL_V_MERGE='$(INTLTOOL__v_MERGE_$(V))'
INTLTOOL_V_MERGE_OPTIONS='$(intltool__v_merge_options_$(V))'
INTLTOOL_XAM_RULE='%.xam:       %.xml.in       $(INTLTOOL_MERGE) $(wildcard $(top_srcdir)/po/*.po) ; $(INTLTOOL_V_MERGE)LC_ALL=C $(INTLTOOL_MERGE) $(INTLTOOL_V_MERGE_OPTIONS) -x -u -c $(top_builddir)/po/.intltool-merge-cache $(top_srcdir)/po $< $@'
INTLTOOL_XML_NOMERGE_RULE='%.xml:       %.xml.in       $(INTLTOOL_MERGE) ; $(INTLTOOL_V_MERGE)LC_ALL=C $(INTLTOOL_MERGE) $(INTLTOOL_V_MERGE_OPTIONS) -x -u --no-translations $< $@'
INTLTOOL_XML_RULE='%.xml:       %.xml.in       $(INTLTOOL_MERGE) $(wildcard $(top_srcdir)/po/*.po) ; $(INTLTOOL_V_MERGE)LC_ALL=C $(INTLTOOL_MERGE) $(INTLTOOL_V_MERGE_OPTIONS) -x -u -c $(top_builddir)/po/.intltool-merge-cache $(top_srcdir)/po $< $@'
INTLTOOL__v_MERGE_0='@echo "  ITMRG " $@;'
INTLTOOL__v_MERGE_='$(INTLTOOL__v_MERGE_$(AM_DEFAULT_VERBOSITY))'
INTL_LIBTOOL_SUFFIX_PREFIX=''
LDFLAGS=''
LEX='${SHELL} /home/dante/pr/mdk-1.3.0/missing flex'
LEXLIB=''
LEX_OUTPUT_ROOT=''
LIBICONV=''
LIBINTL='-lintl'
LIBOBJS=''
LIBS=' -L/usr/lib64 -lglib-2.0 -L/usr/lib64 -lgtk-3 -lgdk-3 -lpangocairo-1.0 -latk-1.0 -lcairo-gobject -lcairo -lgdk_pixbuf-2.0 -lgio-2.0 -lpango-1.0 -lgobject-2.0 -lglib-2.0 -lharfbuzz'
LTLIBICONV=''
LTLIBINTL='-lintl'
LTLIBOBJS=''
MAINT='#'
MAINTAINER_MODE_FALSE=''
MAINTAINER_MODE_TRUE='#'
MAKEINFO='${SHELL} /home/dante/pr/mdk-1.3.0/missing makeinfo'
MAKE_GUILE=''
MAKE_GUILE_FALSE=''
MAKE_GUILE_TRUE='#'
MAKE_GUI_FALSE='#'
MAKE_GUI_TRUE=''
MKDIR_P='/bin/mkdir -p'
MKINSTALLDIRS='$(top_builddir)/./mkinstalldirs'
MSGFMT='/bin/msgfmt'
MSGMERGE='/bin/msgmerge'
OBJEXT='o'
PACKAGE='mdk'
PACKAGE_BUGREPORT='bug-mdk@gnu.org'
PACKAGE_NAME='GNU MDK'
PACKAGE_STRING='GNU MDK 1.3.0'
PACKAGE_TARNAME='mdk'
PACKAGE_URL='http://www.gnu.org/software/mdk/'
PACKAGE_VERSION='1.3.0'
PATH_SEPARATOR=':'
PKG_CONFIG='/bin/pkg-config'
PKG_CONFIG_LIBDIR=''
PKG_CONFIG_PATH=''
POSUB='po'
RANLIB='ranlib'
SET_MAKE=''
SHELL='/bin/sh'
STRIP=''
USE_INCLUDED_LIBINTL='no'
USE_NLS='yes'
VERSION='1.3.0'
XGETTEXT='/bin/xgettext'
ac_ct_CC='gcc'
am__EXEEXT_FALSE=''
am__EXEEXT_TRUE='#'
am__fastdepCC_FALSE='#'
am__fastdepCC_TRUE=''
am__include='include'
am__isrc=''
am__leading_dot='.'
am__nodep='_no'
am__quote=''
am__tar='$${TAR-tar} chof - "$$tardir"'
am__untar='$${TAR-tar} xf -'
bindir='${exec_prefix}/bin'
build='x86_64-pc-linux-musl'
build_alias=''
build_cpu='x86_64'
build_os='linux-musl'
build_vendor='pc'
datadir='${datarootdir}'
datarootdir='${prefix}/share'
docdir='${datarootdir}/doc/${PACKAGE_TARNAME}'
dvidir='${docdir}'
exec_prefix='${prefix}'
host='x86_64-pc-linux-musl'
host_alias=''
host_cpu='x86_64'
host_os='linux-musl'
host_vendor='pc'
htmldir='${docdir}'
includedir='${prefix}/include'
infodir='${datarootdir}/info'
install_sh='${SHELL} /home/dante/pr/mdk-1.3.0/install-sh'
intltool__v_merge_options_0='-q'
intltool__v_merge_options_='$(intltool__v_merge_options_$(AM_DEFAULT_VERBOSITY))'
libdir='${exec_prefix}/lib'
libexecdir='${exec_prefix}/libexec'
localedir='${datarootdir}/locale'
localstatedir='${prefix}/var'
mandir='${datarootdir}/man'
mkdir_p='$(MKDIR_P)'
oldincludedir='/usr/include'
pdfdir='${docdir}'
prefix='/usr/local'
program_transform_name='s,x,x,'
psdir='${docdir}'
runstatedir='${localstatedir}/run'
sbindir='${exec_prefix}/sbin'
sharedstatedir='${prefix}/com'
sysconfdir='${prefix}/etc'
target_alias=''

## ----------- ##
## confdefs.h. ##
## ----------- ##

/* confdefs.h */
#define PACKAGE_NAME "GNU MDK"
#define PACKAGE_TARNAME "mdk"
#define PACKAGE_VERSION "1.3.0"
#define PACKAGE_STRING "GNU MDK 1.3.0"
#define PACKAGE_BUGREPORT "bug-mdk@gnu.org"
#define PACKAGE_URL "http://www.gnu.org/software/mdk/"
#define PACKAGE "mdk"
#define VERSION "1.3.0"
#define STDC_HEADERS 1
#define HAVE_SYS_TYPES_H 1
#define HAVE_SYS_STAT_H 1
#define HAVE_STDLIB_H 1
#define HAVE_STRING_H 1
#define HAVE_MEMORY_H 1
#define HAVE_STRINGS_H 1
#define HAVE_INTTYPES_H 1
#define HAVE_STDINT_H 1
#define HAVE_UNISTD_H 1
#define HAVE_LONG_LONG 1
#define HAVE_LONG_DOUBLE 1
#define HAVE_WCHAR_T 1
#define HAVE_WINT_T 1
#define HAVE_INTTYPES_H_WITH_UINTMAX 1
#define HAVE_STDINT_H_WITH_UINTMAX 1
#define HAVE_INTMAX_T 1
#define HAVE_POSIX_PRINTF 1
#define HAVE_ALLOCA_H 1
#define HAVE_ALLOCA 1
#define HAVE_STDLIB_H 1
#define HAVE_UNISTD_H 1
#define HAVE_SYS_PARAM_H 1
#define HAVE_GETPAGESIZE 1
#define HAVE_MMAP 1
#define INTDIV0_RAISES_SIGFPE 1
#define HAVE_UNSIGNED_LONG_LONG 1
#define HAVE_UINTMAX_T 1
#define HAVE_INTTYPES_H 1
#define HAVE_STDINT_H 1
#define HAVE_STDINT_H 1
#define HAVE_LIMITS_H 1
#define HAVE_LOCALE_H 1
#define HAVE_NL_TYPES_H 1
#define HAVE_MALLOC_H 1
#define HAVE_STDDEF_H 1
#define HAVE_STDLIB_H 1
#define HAVE_STRING_H 1
#define HAVE_UNISTD_H 1
#define HAVE_SYS_PARAM_H 1
#define HAVE_ASPRINTF 1
#define HAVE_FWPRINTF 1
#define HAVE_GETCWD 1
#define HAVE_GETEGID 1
#define HAVE_GETEUID 1
#define HAVE_GETGID 1
#define HAVE_GETUID 1
#define HAVE_MEMPCPY 1
#define HAVE_MUNMAP 1
#define HAVE_PUTENV 1
#define HAVE_SETENV 1
#define HAVE_SETLOCALE 1
#define HAVE_SNPRINTF 1
#define HAVE_STPCPY 1
#define HAVE_STRCASECMP 1
#define HAVE_STRDUP 1
#define HAVE_STRTOUL 1
#define HAVE_TSEARCH 1
#define HAVE_WCSLEN 1
#define HAVE___FSETLOCKING 1
#define HAVE_DECL__SNPRINTF 0
#define HAVE_DECL__SNWPRINTF 0
#define HAVE_DECL_FEOF_UNLOCKED 1
#define HAVE_DECL_FGETS_UNLOCKED 0
#define HAVE_DECL_GETC_UNLOCKED 1
#define HAVE_ICONV 1
#define ICONV_CONST 
#define HAVE_LANGINFO_CODESET 1
#define HAVE_LC_MESSAGES 1
#define ENABLE_NLS 1
#define HAVE_GETTEXT 1
#define HAVE_DCGETTEXT 1
#define GETTEXT_PACKAGE "mdk"
#define LOCALEDIR "/usr/local/share/locale"
#define HAVE_GETOPT_LONG 1

configure: exit 0
